-19761
54 18 -26
23 56 -84
37 33 -87
56 37 -32
22 33 -55
94 39 -74
22 3 -88
81 13 -31
55 81 -21
95 5 -59
19 55 -26
16 25 -33
13 76 -12
89 4 -80
33 35 -22
70 73 -20
35 93 -20
97 35 -47
97 54 -62
49 24 -92
2 49 -79
7 65 -70
83 31 -79
85 46 -65
20 85 -46
74 73 -100
46 74 -47
97 2 -36
52 22 -53
52 86 -62
91 52 -13
36 0 -86
36 87 -81
87 88 -96
88 79 -91
79 58 -69
51 97 -62
51 6 -96
14 1 -56
21 32 -75
6 14 -43
1 47 -86
62 45 -80
47 62 -28
38 85 -59
43 65 -97
43 84 -63
43 12 -87
43 49 -25
50 66 -92
66 9 -84
32 27 -70
9 48 -6
48 15 -30
10 12 -89
99 81 -64
99 27 -99
48 10 -33
10 99 -25
99 61 -7
10 90 -77
39 8 -2
57 74 -33
68 92 -58
57 52 -3
48 14 -96
48 90 -40
9 77 -59
77 98 -18
82 43 -8
82 97 -87
98 24 -30
98 93 -45
98 40 -3
77 32 -4
77 28 -20
77 47 -97
9 16 -74
66 18 -25
66 14 -100
66 49 -65
50 70 -76
50 76 -85
50 83 -98
63 73 -64
63 37 -19
50 6 -63
50 35 -31
43 47 -32
45 95 -57
45 29 -56
62 52 -41
75 44 -88
60 75 -26
75 40 -3
75 95 -43
60 86 -70
60 33 -73
62 47 -32
47 93 -74
96 46 -84
96 42 -80
96 88 -98
47 20 -3
47 37 -47
47 5 -33
14 97 -83
14 87 -39
14 88 -37
26 23 -97
14 30 -72
6 64 -87
6 52 -84
6 56 -60
30 55 -35
30 84 -55
30 35 -36
41 39 -39
80 97 -22
80 54 -26
34 7 -29
34 86 -29
34 23 -24
41 92 -47
90 23 -48
90 89 -43
90 32 -92
15 53 -52
15 13 -35
15 72 -75
58 2 -38
58 93 -3
79 3 -46
79 71 -62
88 55 -82
88 33 -61
36 72 -49
36 83 -61
86 71 -29
86 91 -69
52 97 -50
91 76 -64
74 40 -26
74 32 -23
46 23 -6
46 13 -82
46 8 -16
85 69 -91
85 8 -56
85 3 -59
20 27 -79
20 69 -57
42 20 90
20 55 -74
42 21 -51
31 19 -23
31 12 -77
31 84 -64
83 72 -68
83 39 -47
7 17 -31
69 4 -34
69 25 -53
67 49 -86
67 84 -51
84 78 32
78 11 -63
78 22 -61
24 11 -24
2 18 -4
2 95 -41
72 53 -1
97 56 -3
53 93 -70
53 54 -82
53 8 -38
72 17 -28
72 16 -23
73 64 -6
70 17 -33
70 8 -88
89 64 -10
89 37 -52
25 71 52
71 68 -84
16 39 -90
16 61 -3
76 55 -67
76 33 -37
81 19 -72
81 59 -25
55 35 -32
3 8 -83
3 56 -46
3 21 -30
35 64 -67
37 59 -18
56 95 -57
94 64 -71
17 95 -25
17 54 -7
5 92 -52
64 95 22
19 7 -63
68 52 -71
95 22 -51
15 20 -87
87 81 -80
39 76 -38
33 72 -25
16 1 -93
20 64 -34
5 70 -16
89 84 -44
89 98 -24
82 38 -61
91 3 -99
57 41 -75
38 30 -26
21 84 -85
62 39 -98
62 95 -61
7 19 -34
42 72 -91
62 42 59
62 24 -73
78 41 -19
78 67 -56
67 66 -53
66 55 -6
85 86 -87
85 23 -96
93 63 -73
74 56 -38
56 84 -32
37 27 -21
74 76 -2
46 35 -20
34 68 -73
34 77 -98
35 34 -60
43 67 -54
13 19 -21
13 50 -34
50 46 -61
50 98 -20
50 60 -66
60 63 -77
60 91 -55
77 17 -37
10 88 -73
88 97 -74
14 54 -52
35 14 -29
65 58 -98
26 16 -93
40 76 -88
40 94 -24
40 4 -56
4 2 -90
4 66 -52
4 69 -21
4 1 -34
40 41 -93
73 25 -93
25 59 -13
25 87 -7
25 72 -2
75 69 -80
75 24 -4
75 84 -5
96 40 30
47 78 -100
51 47 53
47 82 -57
51 98 -72
80 66 -75
18 94 -35
18 95 -83
18 28 -17
18 24 -33
35 57 -15
46 66 -51
46 12 -52
79 30 -57
79 87 -17
63 66 -68
93 85 -32
90 22 -78
9 5 -68
53 52 -86
53 68 -32
99 67 -61
78 6 -79
6 1 -77
2 27 -49
48 87 -76
57 97 -96
3 91 -54
98 94 -84
98 0 -98
70 83 17
83 20 -95
70 7 -91
97 27 -93
76 86 -80
61 54 -47
92 81 -25
36 58 -21
72 69 -91
17 28 -52
54 22 -28
58 28 44
22 52 -49
95 37 -71
23 69 -12
68 7 -42
27 7 -17
87 31 -43
95 69 -25
7 28 -19
64 42 -74
86 89 -9
91 48 -39
32 57 -66
99 96 -57
79 25 -9
25 9 -88
84 45 -88
45 6 -82
88 63 -16
27 88 -2
1 79 -60
1 38 -19
18 83 -53
56 61 -10
56 42 -3
71 10 -39
49 6 -84
49 34 -44
34 60 -79
43 7 -26
83 13 -15
55 52 -5
52 48 -93
85 57 -94
13 55 24
80 68 -84
78 57 -18
78 10 -55
18 2 -42
8 51 -10
51 91 -40
77 81 13
65 30 -30
50 26 -44
58 6 -40
58 10 -74
26 58 3
47 36 -43
36 54 -89
75 6 24
27 98 -95
82 48 -52
2 60 -47
2 42 -66
6 35 -38
35 72 -23
35 22 -96
4 42 -30
68 23 -72
68 93 -70
59 76 -38
59 24 -55
59 20 -78
59 12 -1
59 48 -92
16 97 -69
48 21 -4
48 53 -74
40 64 10
40 69 -56
3 46 -51
86 42 32
54 97 -55
11 93 -21
61 93 -36
33 39 39
0 21 8
17 94 65
5 21 44
88 78 -88
32 88 -19
17 39 -4
87 1 -100
44 91 10
50 72 1
50 79 2
40 58 -15
71 89 15
93 24 -83
21 68 62
21 41 0
48 18 -53
94 74 -94
74 80 -44
94 24 -79
94 13 -79
47 88 -75
59 47 -35
70 77 -60
96 78 -74
47 56 -39
59 8 -55
29 26 -42
29 99 -66
8 79 -3
59 94 -6
59 79 -45
59 23 -33
67 58 -9
35 73 -94
15 45 -59
81 65 -46
4 26 -36
4 14 -67
15 51 -14
53 65 -70
53 43 -49
13 64 14
94 55 -37
27 55 -85
18 34 -35
16 99 4
68 79 -86
16 30 -94
31 26 -20
40 26 3
37 44 -14
46 84 -86
22 82 -14
12 2 -3
12 73 -2
36 30 -23
72 98 -90
72 73 14
11 54 55
54 88 -97
92 2 -40
92 95 4
23 95 7
69 88 -50
20 87 -31
32 92 -22
17 56 -24
89 22 40
32 2 -7
12 22 7
73 72 16
76 66 -41
85 96 11
59 68 16
41 34 2
59 28 -70
29 60 -66
24 78 17
15 14 -37
28 9 -70
67 4 15
76 63 -60
63 74 2
79 51 -84
58 50 7
37 45 -99
51 89 39
64 54 41
90 6 -51
49 21 10
21 56 -37
12 56 2
20 61 50
17 55 -45
57 93 15
53 80 -44
53 82 11
84 69 25
58 96 -2
36 18 -79
63 72 43
86 74 -52
30 45 -58
67 34 48
99 68 17
28 78 52
64 35 -19
54 29 -38
84 98 -31
60 49 26
56 22 -22
23 82 -89
32 43 6
17 79 2
57 59 7
93 3 -89
93 18 11
36 84 29
7 4 31
54 98 -11
67 35 18
2 64 7
64 72 19
72 36 -11
84 50 -81
63 86 31
56 89 17
52 23 66
97 60 -24
53 14 -45
58 81 16
35 8 11
35 18 22
3 19 25
24 79 6
67 90 13
28 84 32
84 41 -93
28 34 14
67 41 12
75 77 45
79 26 -86
24 50 22
37 50 38
95 14 -38
83 63 17
89 63 43
19 47 -51
46 3 35
21 72 -91
55 92 8
92 61 19
53 97 22
77 70 60
94 83 7
44 50 30
76 80 -16
89 54 11
98 82 58
86 99 -8
3 66 -92
63 3 12
3 67 -6
15 29 43
6 77 -87
23 72 -27
52 46 35
53 40 2
61 66 -53
48 76 14
76 29 34
23 25 -84
62 71 40
2 80 -80
26 65 35
41 48 45
45 66 37
89 83 51
61 49 -97
97 11 12
20 82 -93
39 46 -41
79 46 20
93 12 44
89 12 6
19 12 38
19 81 5
11 66 -25
2 15 5
50 15 19
22 78 22
77 3 7
3 65 -25
61 83 41
61 30 -67
49 30 35
97 39 20
92 99 26
44 51 42
91 73 19
2 97 51
32 56 2
37 40 21
61 25 -75
98 25 20
58 23 8
23 15 -27
29 46 53
90 41 34
21 34 36
68 34 22
61 71 -74
12 53 51
92 10 25
77 44 51
20 47 3
94 21 78
96 59 54
67 9 16
62 23 62
60 93 53
31 42 25
24 34 36
48 66 51
74 1 57
31 2 0
12 71 -52
21 47 -78
89 32 30
92 55 -59
12 64 14
32 30 -55
61 96 11
18 40 33
10 94 11
49 28 48
14 80 13
86 55 41
77 1 39
16 79 15
96 25 25
38 20 6
10 89 60
39 63 -44
80 11 43
27 89 22
29 90 46
93 4 -81
83 78 33
66 4 67
5 31 -54
16 51 -98
10 79 22
12 48 -8
39 20 54
39 64 29
48 2 22
39 82 35
97 83 56
46 37 16
4 61 10
20 32 75
43 62 46
36 6 3
21 25 2
39 78 30
49 71 44
54 76 28
27 20 21
50 23 52
79 77 53
98 44 2
40 22 28
81 8 19
14 8 28
67 99 21
2 62 74
0 43 36
8 23 49
0 27 -23
66 46 37
83 54 47
20 54 -66
37 61 45
81 26 35
0 12 -50
29 64 51
0 20 -12
14 26 40
81 90 30
30 44 66
0 83 -89
8 74 35
5 64 31
3 62 35
0 63 -54
0 40 50
46 34 72
35 61 11
