-65205
201 156 -95
175 430 -96
96 60 -93
54 96 -73
455 281 -99
393 110 -90
359 344 -61
186 54 -66
474 43 -70
370 180 -66
487 474 -59
2 201 -88
156 179 -66
427 268 -63
183 210 -82
52 31 -53
436 216 -57
454 333 -70
311 410 -57
120 499 -87
194 421 -85
477 486 -68
476 477 -92
232 187 -69
158 476 -65
397 362 -59
60 42 -52
489 158 -46
341 224 -51
243 177 -89
177 421 -98
184 2 -61
296 243 -45
363 82 -90
471 350 -75
82 188 -56
291 334 -65
445 215 -68
157 10 -49
445 410 -61
445 111 -67
190 174 -90
206 146 -45
410 194 -44
433 85 -90
74 81 -43
47 340 -95
283 324 -61
35 79 -84
77 146 -85
378 121 -73
77 43 -93
79 24 -65
466 283 -57
236 146 -84
485 206 -65
44 35 -56
16 246 -64
493 143 -51
24 404 -50
324 255 -49
334 337 -64
189 373 -78
66 95 -44
189 384 -58
76 20 -35
338 44 -48
340 466 -45
10 455 -44
491 362 -74
208 322 -90
208 256 -93
439 344 -43
115 495 -44
256 437 -42
6 292 -35
69 59 -28
238 326 -41
45 206 -41
384 347 -33
304 148 -87
148 43 -56
81 311 -41
148 180 -52
19 492 -88
148 9 -67
492 66 -54
492 496 -37
217 213 -34
152 489 -79
152 357 -97
357 73 -63
342 73 -21
431 164 -67
56 70 -46
387 99 -41
362 74 -38
227 62 -99
227 354 -45
214 496 -33
214 262 -48
85 300 -32
262 292 -76
262 443 -68
128 161 -92
359 444 -37
58 322 -41
191 217 -80
191 493 -83
423 454 -59
56 227 -27
18 448 -30
12 151 -54
151 262 -99
151 414 -100
409 269 -93
223 83 -36
486 373 -35
452 168 -81
118 255 -93
138 475 -34
29 53 -69
240 341 -29
41 432 -48
401 197 -40
432 401 -30
248 400 -53
5 401 -11
5 326 -54
110 348 -34
391 178 -75
294 490 -82
373 172 -24
103 189 -16
336 219 -72
219 316 -45
162 125 -74
316 273 -14
162 319 -30
215 27 -25
282 194 -82
327 382 -76
481 31 -16
92 18 -14
97 390 -19
390 146 -31
437 115 -10
390 239 -100
239 21 -50
239 294 -25
404 6 -11
317 227 -94
470 443 -30
272 247 -15
350 82 -12
470 62 -66
434 120 -13
213 472 -4
317 89 -93
88 39 -51
173 383 -99
383 80 -86
132 45 -85
400 184 -32
80 291 -62
80 195 -35
383 192 -50
182 482 -20
482 173 -18
192 14 -92
89 84 -5
22 366 -4
61 36 -11
72 97 -2
496 217 -3
179 58 -19
447 95 -48
420 489 -3
447 336 -3
147 214 -61
383 292 -94
383 115 -66
173 248 -42
253 432 -68
465 402 -68
351 309 -68
467 264 -70
253 252 -66
309 204 -58
467 214 -86
467 22 -96
335 302 -71
113 335 -54
335 248 -25
335 148 -18
113 79 -54
140 83 -76
140 406 -23
289 188 -80
87 289 -19
100 332 -60
263 397 -63
263 198 -94
198 92 -81
198 460 -71
98 100 -32
98 63 -26
98 195 -70
424 13 -63
90 202 -65
160 384 -79
112 271 -53
94 289 -94
237 490 -5
237 199 -49
310 199 -48
112 477 -14
265 326 -40
428 259 -94
130 250 -74
265 428 -65
259 130 -48
131 54 -86
176 131 -1
131 292 -10
290 104 -62
290 333 -61
11 373 -98
159 343 -24
17 294 -56
473 26 -66
473 62 -9
343 423 -42
228 254 -98
254 420 -85
254 462 -83
462 74 -92
462 299 -35
480 345 -57
345 117 -99
345 341 -70
345 52 -38
299 451 -7
299 131 -85
394 312 -69
38 65 -57
377 483 -59
377 424 -70
435 448 -88
241 284 -40
330 365 -100
365 384 -66
365 185 -61
461 23 -93
365 461 -43
222 498 -69
222 462 -72
199 463 -40
356 70 -33
205 46 -75
295 293 -50
497 81 -79
497 86 -53
337 398 -31
212 217 -22
212 417 -19
417 101 -30
101 388 -86
328 103 -9
328 82 -8
328 100 -28
361 149 -10
149 137 -57
137 274 -8
403 236 -7
306 315 -28
459 279 -99
412 287 -93
412 171 -95
171 352 -30
412 99 -92
459 38 -12
242 31 -89
169 242 -77
242 339 -14
339 391 -32
242 90 -8
242 180 -3
315 437 -36
267 125 -42
411 1 -97
1 278 -53
267 411 -3
398 57 -15
278 139 -17
1 400 -53
124 107 -78
413 121 -48
107 413 -44
413 24 -28
411 124 -5
107 134 -10
124 196 -70
124 318 -75
318 449 -93
449 374 -11
374 50 -15
50 256 -95
50 336 -89
374 95 -36
374 372 -9
449 120 -76
449 13 -93
318 446 -59
446 90 -53
315 284 -1
306 430 -81
306 24 -24
403 7 -48
105 343 -50
105 211 -36
211 182 -54
32 386 -73
395 356 -67
395 26 -41
386 490 -92
32 212 -23
105 177 -36
274 451 -50
137 224 -33
251 247 -6
251 122 -62
122 45 -66
122 103 -24
251 347 -71
137 325 -98
149 35 -82
48 298 -60
48 15 -78
388 215 -42
388 106 -35
106 166 -72
166 31 -50
101 422 -90
101 308 -99
417 10 -94
417 9 -57
497 109 -1
497 216 -10
7 289 -46
7 336 -77
7 419 -38
293 163 -31
293 370 -42
293 216 -95
293 8 -52
293 215 -58
295 70 -62
375 173 -30
375 183 -52
295 119 -99
46 230 -6
230 400 -29
230 225 -59
225 484 -32
205 310 -24
298 349 -99
298 316 -28
64 42 -55
222 216 -38
23 265 -24
461 26 -60
461 53 -63
330 16 -72
233 143 -91
284 297 -69
284 479 -27
392 182 -98
392 391 -79
392 189 -67
241 138 -15
38 235 -77
38 42 -47
312 203 -50
312 240 -63
312 440 -93
440 102 -88
371 228 -74
371 499 -91
102 484 -60
440 281 -18
440 304 -11
312 431 -24
312 351 -6
394 494 -39
139 469 -34
469 161 -10
469 493 -32
469 437 -43
299 35 -63
299 373 -94
462 18 -96
228 42 -65
343 159 -85
209 408 -81
209 145 -71
352 362 -7
352 27 -62
30 24 -56
290 424 -37
200 135 -26
135 270 -96
200 161 -56
200 277 -85
277 492 -85
277 477 -30
200 47 -37
279 423 -85
131 120 -4
78 263 -89
78 173 -60
259 56 -87
259 184 -26
428 85 -69
428 125 -73
249 426 -22
261 419 -92
261 234 -16
221 150 -90
360 247 -12
360 457 -37
221 350 -43
221 119 -58
90 313 -57
313 451 -60
313 68 -62
13 322 -55
424 245 -100
245 389 -84
245 460 -69
245 486 -25
407 100 -61
407 448 -83
381 24 -81
346 175 -95
416 236 -55
407 381 -34
346 269 -97
3 41 -44
381 3 -13
3 488 -25
488 232 -76
488 338 -24
3 187 -8
450 354 -42
460 326 -57
460 172 -37
263 376 -70
314 27 -5
193 223 -5
193 240 -69
193 373 -59
193 297 -5
314 246 -51
109 255 -19
109 207 -87
140 401 -99
260 97 -19
260 373 -74
220 370 -84
220 246 -31
405 79 -68
204 114 -41
114 182 -63
93 494 -69
351 282 -91
252 22 -39
252 243 -82
355 463 -54
438 408 -93
438 454 -85
353 483 -90
353 69 -100
144 199 -50
402 151 -62
442 301 -89
442 152 -40
84 443 -80
89 349 -13
72 316 -2
327 308 -98
327 2 -57
282 231 -68
162 121 -56
316 55 -93
219 12 -99
219 489 -83
125 154 -99
154 170 -80
125 464 -73
464 74 -66
479 421 -34
479 181 -94
490 301 -71
294 397 -76
294 71 -62
294 157 -34
178 310 -64
229 385 -91
432 195 -50
29 308 -27
29 478 -3
118 421 -4
118 262 -86
452 311 -74
367 177 -63
133 247 -14
133 489 -21
409 472 -72
0 91 -6
308 340 -10
443 123 -82
443 81 -30
354 297 -96
354 478 -15
55 332 -52
55 76 -64
55 368 -74
164 453 -62
431 463 -75
73 429 -1
429 115 -7
357 184 -38
357 276 -49
357 399 -87
123 366 -68
303 177 -17
213 59 -95
396 496 -11
496 266 -40
9 234 -96
406 325 -84
389 196 -73
453 439 -65
15 52 -15
59 477 -96
59 195 -83
69 451 -9
376 393 -69
376 334 -37
495 138 -67
495 92 -28
115 257 -20
115 121 -38
40 208 -76
366 218 -21
218 186 -61
218 0 -9
22 79 -71
385 483 -54
103 81 -45
142 0 -74
143 379 -1
142 322 -91
8 246 -72
379 493 -23
143 444 -53
493 39 -100
16 92 -66
275 26 -53
236 454 -97
236 333 -40
20 344 -69
18 199 -51
18 83 -38
18 481 -62
292 232 -39
24 489 -10
79 138 -89
79 498 -77
35 474 -44
286 320 -24
286 266 -39
286 186 -40
286 39 -12
136 199 -69
300 419 -93
85 362 -70
195 51 -1
433 430 -48
71 285 -95
108 310 -28
276 201 -30
326 341 -62
224 10 -61
272 420 -99
45 301 -20
476 427 -5
489 175 -31
153 165 -65
126 174 -66
498 96 -1
498 499 -19
410 174 -87
311 400 -15
311 370 -95
74 110 -78
25 61 -52
397 337 -50
372 52 14
183 31 -78
165 175 -65
165 215 -56
26 323 -7
26 179 -87
415 54 -33
203 439 -84
444 58 -9
301 322 -37
127 398 -83
10 285 -10
364 60 -14
157 337 -63
159 155 -78
419 319 -2
419 4 -74
4 413 -68
285 291 -66
351 318 -58
190 151 -44
238 484 -89
433 125 -85
98 78 -80
111 398 -96
355 375 -98
199 328 -68
133 355 -60
20 423 -79
168 454 -45
130 71 -52
471 348 -75
71 9 -55
201 174 -64
463 365 -54
387 247 -51
70 362 -98
306 20 -51
90 245 -63
227 318 -69
179 17 -68
174 463 -26
371 31 -92
420 199 -66
436 362 -42
45 235 -40
68 368 -38
193 85 -28
212 322 -35
245 386 -16
35 64 -96
393 197 -35
146 111 -30
214 33 -28
231 254 -85
341 466 -72
160 159 -41
362 267 -28
410 140 -56
232 249 -17
222 45 -32
69 369 -17
400 252 -29
498 231 -14
466 476 -12
132 8 -3
423 361 -11
488 457 -83
310 470 -21
288 190 -16
493 395 -79
493 315 -79
54 26 -14
76 445 -68
374 15 -9
253 295 -97
157 402 -9
226 80 -89
461 370 -93
452 183 -7
236 277 -17
44 236 -10
16 177 -21
177 171 -21
50 192 -48
384 97 -8
427 193 -21
427 105 -99
46 328 -55
432 21 -60
432 480 -89
205 435 -7
115 155 -42
115 1 -23
187 384 -32
429 376 -22
392 121 -72
392 231 -79
187 429 -15
481 183 -67
150 441 -52
431 36 -36
481 103 -27
426 295 -37
103 150 -21
38 222 -7
357 237 -100
138 328 -94
138 486 -78
486 131 -21
134 158 -39
79 221 -54
237 196 -25
82 124 -3
81 136 -40
455 82 -76
455 436 -87
290 312 -27
152 429 -15
152 361 -71
262 240 -14
93 253 -94
485 212 -5
326 473 -89
473 295 -67
326 483 -4
34 475 -4
483 34 -2
276 445 -25
276 260 -93
223 290 -27
34 367 13
367 133 -3
92 51 -3
191 368 -20
34 191 -13
483 239 -87
483 12 -40
12 454 -68
12 282 -82
327 457 -61
327 190 -19
282 375 -81
312 379 -98
331 432 -90
379 331 -6
331 447 -4
248 251 -60
251 136 -37
447 284 -96
233 435 -75
330 435 -63
284 361 -45
284 5 -81
5 69 -40
209 3 -93
372 209 -31
344 476 -75
344 395 -13
407 144 -89
325 36 -70
42 65 -18
165 298 -8
178 292 -55
311 118 -86
396 72 -89
332 143 -57
72 424 -28
478 393 -26
478 161 -26
478 405 -63
113 427 -43
117 171 -58
220 480 -6
184 434 -43
106 379 -43
83 339 -69
307 200 -53
200 205 -72
358 98 -67
404 339 -1
404 128 -49
434 332 -42
63 237 -67
479 144 -77
60 184 -46
60 108 -41
186 60 -32
108 186 -24
60 161 -31
204 103 -47
108 485 -27
383 196 -78
339 383 -53
444 231 -10
444 249 -15
259 185 -40
308 360 -17
294 334 -99
334 278 -48
294 107 -55
494 98 -12
257 41 -39
442 190 -90
257 442 -38
442 447 -33
499 169 -16
156 210 -72
210 475 -36
210 252 -50
156 41 -90
107 335 -88
335 421 -57
219 116 -45
219 403 -61
219 435 -87
394 11 -36
29 429 -37
118 464 -59
464 441 -8
163 236 -28
163 395 -80
118 413 -29
417 134 -21
417 264 -86
311 150 -15
324 120 -44
120 135 -8
324 465 -66
311 144 -84
311 275 -74
58 183 -69
256 46 -13
347 293 -87
256 371 -54
182 50 -79
58 279 -66
292 244 -19
244 48 -9
411 305 -3
323 318 -99
474 323 -42
323 434 -26
474 44 -41
48 349 -42
292 414 -65
178 264 -90
178 114 -8
114 375 -30
114 435 -80
165 98 -8
302 179 -46
303 109 -56
458 374 -23
42 494 -60
325 143 -75
278 470 -41
333 168 -25
359 247 -64
359 317 -89
333 176 -25
359 32 -50
301 368 -30
301 469 -98
469 306 -18
469 453 -86
89 485 -40
439 304 -76
304 164 -80
55 428 -45
428 44 -76
0 494 -73
304 9 -91
453 279 -54
301 239 -28
301 272 -73
216 395 -53
216 212 -83
176 254 -98
144 90 -27
496 390 -70
390 395 -84
496 354 -28
354 373 -45
373 92 -15
354 169 -68
407 380 -34
49 30 -62
209 49 -9
49 82 -54
213 355 -90
372 336 -37
41 95 -38
95 486 -26
447 131 -47
331 249 -69
462 147 -90
279 237 -5
343 132 -85
47 105 -40
81 264 -98
388 79 -64
281 296 -36
296 440 -93
221 355 -66
79 104 -40
167 39 -63
337 184 -65
336 171 -34
37 317 -69
472 229 -87
141 351 -32
196 397 -42
196 154 -79
203 408 -67
203 99 -93
206 173 -89
430 135 -16
61 318 -17
61 485 -99
61 208 -69
61 84 -94
61 145 -86
74 449 -55
52 436 -68
449 52 -15
74 295 -43
173 249 -46
360 349 -46
36 239 -23
161 193 -100
124 11 -62
460 32 -4
170 269 -54
269 418 -27
429 368 -9
429 355 -31
260 231 -46
40 361 -19
403 40 -6
40 78 -23
105 436 -99
105 17 -89
192 322 -33
50 218 -14
492 420 -79
492 391 -70
177 329 -34
16 461 -55
236 258 -84
242 254 -31
236 112 -27
112 370 -23
44 222 -82
129 413 -58
234 309 -8
234 459 -52
234 140 -18
185 180 -4
185 399 -51
295 238 -32
57 214 -13
402 253 -1
157 280 -53
342 459 -72
76 33 -96
76 197 -38
76 467 -41
315 393 -59
59 43 -31
43 313 -36
43 9 -90
162 54 -18
488 245 -99
84 470 -51
69 468 -33
217 64 -75
140 467 -30
410 17 -44
487 169 -95
24 231 -18
24 151 -52
207 78 -89
207 190 -59
25 375 -25
25 497 -44
487 468 -100
96 17 -2
443 377 -9
448 109 -29
448 371 -27
35 109 -67
62 401 -11
68 153 -16
109 179 -62
468 235 -55
142 198 -2
90 352 -84
70 6 -96
365 322 -26
267 235 -93
348 329 -9
127 45 -91
127 51 -55
471 351 -13
19 352 -20
9 133 -98
39 101 -96
454 250 -79
250 497 -1
361 329 -17
423 400 -77
10 288 -46
15 328 -38
398 400 -32
346 23 -52
381 352 -42
270 385 -33
433 319 -71
433 494 -55
286 413 -76
252 319 -27
485 210 -29
471 4 -74
82 392 -70
327 132 -41
370 222 -57
493 48 -7
481 171 -69
365 470 -25
4 378 -22
420 460 -68
7 260 -19
487 429 3
56 167 -94
159 107 -11
134 424 -39
28 328 -11
278 482 -26
436 400 -28
434 356 -81
201 479 -36
185 179 -45
45 438 -85
455 298 -83
438 119 -45
298 495 -47
119 58 -39
468 421 -45
359 464 -41
5 468 -61
464 142 -17
197 5 -9
69 135 -12
74 445 -35
230 404 -1
116 91 -39
301 24 -95
90 147 -36
68 315 -10
343 42 -7
427 498 -59
285 257 -11
128 9 -19
451 152 -43
118 172 -99
19 168 -16
355 264 -52
452 407 -68
104 419 -25
54 493 -1
322 258 -11
146 272 0
423 355 -25
423 426 -67
146 227 -7
290 345 -9
425 5 -59
366 208 -1
208 304 -12
251 78 -45
184 194 -1
133 162 -17
110 45 -16
34 497 -37
89 491 -49
357 102 -11
357 474 -97
474 25 -82
25 15 -63
314 79 -54
220 467 -13
279 200 5
341 41 -23
492 333 -72
397 381 -37
346 131 -100
189 72 -9
337 372 -50
442 325 -60
326 30 -85
233 153 -34
330 226 -93
364 341 -1
164 445 -31
396 164 -18
494 269 -50
269 77 -84
269 32 -45
96 426 -18
316 120 -14
39 277 -93
39 263 -66
154 14 -67
111 154 -34
405 383 -71
331 256 -66
33 29 -73
489 11 -1
242 357 -50
76 478 -36
466 250 -82
46 466 -71
252 279 -45
466 327 -47
412 256 -100
462 213 -33
213 431 -21
462 406 -85
150 147 -63
360 441 4
324 146 -98
463 461 -61
463 287 -9
463 428 -64
428 278 -66
174 163 -53
444 113 -26
444 223 -50
393 287 -60
27 138 -94
27 40 -76
27 375 -89
3 388 -18
375 233 -90
340 385 -7
390 200 -53
127 94 -54
127 178 -9
127 294 -45
145 154 -17
348 55 -73
387 192 -35
387 269 -40
0 448 -67
209 377 1
286 51 -97
430 278 -45
430 101 -98
101 25 -3
430 499 -34
286 429 -4
417 149 54
377 5 -54
410 394 -50
441 116 -39
432 65 -77
61 449 -15
449 73 -61
2 438 -30
61 122 -26
122 344 -44
43 89 -10
43 62 -80
43 491 -90
450 396 -29
437 131 -76
242 297 -53
236 268 -83
307 191 -97
191 177 -42
195 317 -54
195 161 -46
386 227 -20
195 18 -35
111 7 -49
70 135 -68
454 166 -53
318 414 -53
318 172 -77
120 71 -54
239 330 -33
32 394 -32
494 106 -56
12 346 -96
93 163 -24
139 415 -43
229 116 -8
253 162 -25
311 419 -54
226 113 -90
131 426 -67
131 251 -8
381 36 -28
36 162 -82
397 278 -20
200 237 -96
13 312 -59
13 83 -38
25 40 -17
453 58 -37
162 171 -85
266 445 -26
26 113 -33
184 48 -20
241 392 -46
114 1 -41
85 79 -37
443 469 -39
443 148 -100
42 282 -7
398 374 44
398 433 -28
180 495 -54
309 132 -68
24 100 -98
488 325 -78
74 28 -56
205 44 -42
267 210 -8
69 48 -34
217 296 1
8 345 -43
291 126 -44
291 455 -3
368 438 -98
142 140 -65
31 73 -36
354 7 -26
495 413 -75
165 18 -81
255 245 -48
325 163 -15
328 329 -35
328 378 -60
1 38 36
370 378 -73
221 98 -36
218 424 -9
285 334 17
1 356 -17
155 444 -54
0 206 -16
451 246 -26
76 77 -48
423 10 -4
481 295 -72
455 342 -82
280 342 5
82 316 -91
316 479 -91
70 111 2
286 371 -2
236 442 -74
489 360 -86
385 250 -38
383 58 -70
45 471 -71
19 41 -12
413 411 -22
310 264 -50
88 245 -24
293 455 -9
483 141 -79
483 174 -1
349 92 -89
349 83 -57
28 451 -2
400 445 -66
199 61 -62
306 433 -28
314 220 34
225 303 -16
135 96 -14
343 89 -21
430 106 -94
332 170 -89
74 339 -28
156 388 -33
412 271 -47
410 292 -23
436 418 -48
218 383 -8
312 33 -76
218 263 -25
470 154 -18
195 402 -39
429 304 -31
43 118 -16
386 35 -47
24 313 -29
60 229 -52
229 273 -14
60 51 -28
313 441 -3
50 482 -99
418 118 -42
122 271 -55
81 300 -51
398 13 -25
414 480 -76
13 192 -42
320 499 5
370 11 -55
281 393 -17
232 487 -13
222 383 -66
109 256 -54
3 428 -31
448 368 -69
260 381 -15
346 274 -14
349 108 -25
235 84 -19
235 2 -78
458 77 -95
127 396 -93
328 435 -38
463 291 9
354 490 -71
291 76 -75
170 204 -38
244 478 -97
167 219 -98
55 0 -42
267 128 -59
397 335 -28
438 460 9
247 128 -99
342 269 -2
121 303 -79
479 282 -65
468 372 -18
246 59 -25
472 303 10
305 485 41
115 48 0
356 420 18
419 214 -15
179 148 -1
461 299 -6
442 99 -31
289 115 -34
481 458 -72
463 113 -47
206 295 -22
398 197 45
398 55 -52
301 458 -2
301 178 -97
125 418 -14
62 473 -78
222 279 -53
493 347 13
195 140 -70
383 456 -3
21 165 11
188 450 -53
188 358 -88
78 20 -6
400 165 44
312 248 -84
470 68 -6
302 165 19
128 191 -34
239 207 -47
48 449 -88
435 441 -65
431 261 36
496 209 -32
410 209 8
443 462 -94
476 113 -98
298 7 -39
375 388 -71
219 2 17
169 190 -10
25 86 -76
43 425 -36
256 424 9
414 289 -62
291 313 -42
313 29 -60
291 84 -3
143 461 -74
340 488 -48
97 427 -1
353 67 7
199 289 0
385 264 -86
159 15 13
235 138 -53
86 145 2
88 365 -98
314 263 11
126 158 -84
98 7 -99
293 7 22
372 229 -95
120 196 0
98 319 30
285 427 7
140 80 1
133 22 2
361 11 5
206 357 -3
45 316 -67
135 371 6
385 249 -40
255 459 -17
246 376 -28
199 168 -7
247 249 -65
297 455 0
256 367 3
85 191 -88
85 274 -15
342 12 -26
429 358 -93
295 57 8
57 280 -58
410 261 -95
354 244 17
495 465 -29
85 220 -10
254 470 8
389 220 -94
291 220 -49
97 35 10
35 272 24
275 303 38
303 219 -70
466 176 -96
317 113 -81
187 353 2
103 263 2
62 428 -54
148 420 17
6 131 -25
341 394 -5
95 236 4
163 60 6
349 190 -65
351 280 26
266 21 54
61 350 21
80 463 14
299 76 -68
126 109 -91
160 471 10
145 76 21
98 325 -75
71 446 19
10 490 3
155 150 -6
177 235 45
80 114 -56
12 478 7
219 497 28
366 432 -30
92 432 -32
153 12 -68
244 376 5
236 411 -88
465 395 4
324 171 41
241 149 19
11 106 -97
295 9 14
55 37 -99
164 124 17
64 207 -99
430 169 11
400 216 -3
206 203 6
344 367 -41
385 162 -7
150 91 8
370 102 34
356 205 0
208 264 25
160 208 24
130 222 14
477 200 -41
399 35 -74
421 498 9
88 310 13
206 421 13
311 26 7
39 191 -31
34 329 20
349 253 -74
465 17 6
478 304 9
447 248 19
79 358 -45
21 10 9
152 445 16
125 325 20
11 241 43
196 209 19
139 376 10
73 22 36
296 389 16
203 426 59
43 46 3
375 435 7
408 84 33
476 479 33
124 491 -19
127 498 -82
91 235 47
490 479 66
267 260 48
495 244 15
329 491 -37
31 26 2
394 335 11
293 254 33
498 126 33
115 234 39
315 169 59
148 208 43
17 467 6
115 369 4
399 251 -3
359 390 1
226 388 -73
88 353 -11
394 377 0
195 63 10
460 469 -21
287 144 20
74 165 27
85 251 -52
259 21 27
366 358 -85
40 367 -13
208 411 -59
253 15 4
328 414 4
392 417 -74
129 415 5
95 71 1
193 8 17
108 379 56
43 61 42
156 309 9
176 216 8
274 248 -23
72 460 31
491 10 22
46 432 21
6 437 10
6 256 -88
443 326 1
232 221 17
127 450 -5
11 30 8
349 28 15
57 248 -79
170 297 8
51 484 38
129 44 12
441 197 14
193 252 7
487 107 -68
42 138 16
477 207 30
208 40 1
349 88 17
408 126 28
89 106 3
69 188 30
159 359 18
407 360 4
91 498 47
209 220 24
462 164 30
86 212 12
301 359 31
429 490 1
329 121 32
315 65 -62
361 328 22
415 200 -22
54 155 18
25 391 11
311 417 20
433 142 21
399 312 -50
408 411 -66
430 248 27
329 300 13
273 162 17
192 304 11
347 454 15
494 10 48
291 319 20
287 58 22
460 190 25
43 484 26
37 319 32
171 319 34
153 30 -65
126 257 -20
232 22 60
119 196 28
305 378 29
282 327 22
461 129 2
487 25 26
193 355 19
90 288 34
6 122 11
451 471 28
39 85 17
147 401 27
309 189 26
236 331 10
343 191 13
391 398 46
245 359 24
370 107 39
281 404 -61
236 242 16
365 180 34
43 218 38
123 425 7
51 209 34
127 300 20
143 154 29
126 284 -100
100 402 22
321 77 27
339 479 32
260 32 34
220 306 39
407 344 35
24 262 40
27 393 9
282 284 31
282 348 14
196 138 1
139 264 21
320 494 9
71 473 -46
129 177 3
226 274 21
86 359 20
151 465 8
81 403 27
295 185 29
236 3 -84
205 241 11
378 230 -45
192 426 12
203 389 12
167 396 32
301 230 34
445 157 26
194 341 5
197 299 0
141 38 1
147 447 43
433 57 12
74 25 10
480 261 20
211 303 28
94 209 -93
416 247 36
299 340 3
236 431 -62
483 411 -99
35 254 49
228 456 -85
326 408 39
454 39 30
405 83 31
277 28 36
204 405 7
462 383 45
51 456 22
178 192 14
351 456 19
492 341 0
178 70 23
270 234 37
344 256 45
336 432 11
408 85 40
85 395 -42
221 345 28
203 346 40
188 276 28
150 360 33
220 69 16
164 320 35
277 288 20
494 408 26
216 301 44
116 325 24
433 137 -8
493 8 34
205 284 1
144 249 49
332 223 4
487 248 45
70 309 29
155 412 31
226 395 22
50 374 65
144 443 3
296 247 20
379 174 15
379 462 13
180 174 34
0 229 24
487 458 4
167 79 51
8 142 41
102 317 35
331 33 40
241 212 16
298 232 28
401 173 56
53 41 18
250 78 33
180 226 41
122 326 35
116 157 3
340 348 23
286 430 44
108 71 45
487 202 0
371 197 16
9 292 39
213 396 33
354 306 4
401 325 23
440 485 55
403 306 3
342 161 31
488 3 23
415 446 14
157 117 22
92 300 34
336 365 41
276 195 36
311 214 53
256 159 18
455 262 10
312 131 33
390 448 24
94 90 45
94 237 11
117 217 12
157 16 38
151 370 25
272 178 41
238 270 21
96 408 41
89 191 44
174 462 47
473 79 48
371 446 7
94 239 47
117 260 31
478 413 43
342 262 42
295 375 24
60 349 18
11 460 29
271 349 56
385 329 45
403 46 45
300 136 51
278 268 10
114 281 18
414 409 28
91 418 41
33 498 45
340 355 26
261 260 44
148 56 53
101 396 18
278 325 20
420 341 41
397 392 50
484 288 50
222 232 29
317 470 55
349 465 9
20 433 35
245 433 25
214 374 52
389 60 23
26 173 22
242 435 0
170 86 41
210 287 15
263 385 25
329 316 24
220 113 42
227 114 42
229 317 56
242 249 40
341 370 4
277 448 31
185 460 26
34 243 8
228 341 48
100 188 53
398 144 55
379 191 27
27 254 43
178 90 44
267 56 7
214 349 54
177 238 42
287 429 41
316 99 53
32 448 24
407 496 40
246 159 52
214 485 54
299 207 59
299 361 25
197 385 55
185 56 27
483 56 37
476 443 42
