-6960
14 23 -100
11 4 -49
13 3 -78
17 11 -78
13 21 -38
7 25 -14
25 5 -96
4 19 -2
6 14 -68
15 2 1
28 29 -67
29 8 -55
16 28 -50
29 9 -99
9 2 -55
9 24 -65
9 18 -40
12 3 -77
12 28 -55
12 2 -75
12 18 -37
12 16 -90
12 19 -64
12 1 -91
1 8 -81
1 11 -19
24 26 -25
1 7 -95
1 12 -16
10 29 -4
10 3 -10
10 0 -11
10 9 -100
10 5 -3
10 1 -12
10 24 -46
10 26 -22
10 8 -99
20 19 -32
20 23 -56
20 6 -98
20 22 -19
20 25 -86
20 0 -80
20 17 -12
27 10 47
20 18 -56
20 12 -29
10 20 87
27 23 -55
27 1 -2
27 18 -35
27 29 -76
27 5 -66
27 25 -33
27 26 -92
27 7 -81
27 19 -80
1 9 -22
1 21 -38
1 16 -50
1 4 -95
1 24 -54
12 8 -6
12 17 -11
12 24 -37
12 9 -15
12 25 -32
9 13 -55
9 6 -73
9 26 -33
9 25 -14
29 21 -96
29 2 -34
29 24 -31
29 11 -92
29 19 -64
29 7 -4
29 13 -68
29 14 -30
28 15 -94
28 14 -28
28 24 -21
28 5 -91
28 0 -73
16 0 -47
16 6 -20
16 11 -95
16 8 -45
16 23 -66
16 19 -84
16 25 -7
16 4 -26
16 5 -91
16 15 -81
16 7 -93
16 22 -50
2 15 66
15 17 -10
15 21 -6
15 22 -82
15 11 -43
15 25 -88
2 11 -14
2 4 -22
2 22 -67
2 17 -68
2 0 -100
2 7 -26
2 23 -88
2 5 36
2 25 -9
5 0 -48
5 23 -22
5 11 -99
5 14 -74
5 8 -85
5 24 -56
5 3 -9
5 19 -13
25 22 -50
25 7 -38
25 3 -97
25 4 -55
25 8 -69
25 21 -24
25 14 -44
25 24 -65
7 0 -48
7 8 -23
7 3 -13
7 13 -28
7 6 -28
7 23 -36
8 4 -38
8 23 -48
8 21 -82
21 11 -19
21 0 -30
21 6 -71
21 3 -18
21 18 -49
21 19 -20
13 6 -70
13 23 -68
13 19 -6
13 22 -74
22 19 -97
22 24 -31
22 23 -60
19 14 -76
19 11 -91
19 17 -15
19 26 -89
19 3 -67
4 0 -42
4 23 -10
4 24 -58
11 3 -2
11 18 -30
11 17 -15
11 23 -52
18 17 11
17 0 -27
17 3 -93
17 6 -57
17 23 -5
18 24 -20
18 6 -41
18 0 -35
23 3 -67
23 0 -29
23 24 -20
23 6 -10
14 0 -54
14 24 -25
6 26 -49
6 3 -44
26 3 -16
26 0 -44
3 24 16
24 3 -97
3 0 -32
13 11 12
23 18 29
28 7 -100
7 21 24
22 29 -45
20 26 -37
9 23 -88
17 14 -67
14 10 -32
29 28 -27
12 20 -42
12 10 -35
27 22 -83
27 3 -4
12 27 35
24 23 -32
24 2 -34
24 18 -44
27 24 -32
24 17 -71
24 25 -37
25 26 -73
15 7 -46
15 27 -42
15 28 -62
19 20 -2
19 29 -92
19 10 -34
19 12 -80
15 19 9
4 18 -13
4 13 -98
4 29 -40
4 1 -55
4 16 -78
4 28 -25
4 10 -91
4 12 -23
4 27 -20
19 24 -38
15 1 -10
25 2 -45
25 11 -15
25 6 -72
24 8 -91
24 21 -13
24 7 -60
24 22 -53
27 20 -73
27 17 -39
27 28 -15
10 16 -87
10 11 -46
14 17 -87
14 1 -5
14 16 -63
14 9 -80
14 28 -31
14 11 -90
14 18 -34
20 16 11
17 16 -11
9 17 27
17 2 -17
9 16 16
9 20 -68
16 2 -65
16 29 -6
16 21 -56
2 20 13
2 1 -88
2 21 -54
2 29 -72
2 8 68
2 28 -29
8 5 -45
8 28 -47
8 0 -75
21 1 -21
21 22 -2
7 29 -95
7 1 -11
7 28 -49
28 1 -65
29 3 -84
29 26 -9
18 22 17
18 11 -59
23 5 2
26 1 20
1 23 56
26 5 -77
26 11 51
3 6 0
3 18 28
12 21 -65
13 12 -20
5 4 11
20 3 -38
11 15 -24
11 27 -56
11 20 67
11 28 -63
17 10 -98
24 12 -58
22 2 10
14 27 -100
29 10 -67
1 14 -22
29 12 -16
9 28 -93
29 16 49
9 10 -75
16 20 -23
16 17 -92
16 18 -32
14 19 -61
14 25 -26
14 4 -21
14 13 -6
14 22 -49
1 20 -20
1 10 -49
24 6 -40
24 19 -44
2 27 -46
2 26 -91
22 8 -33
22 28 -21
22 12 -6
22 7 -44
22 25 -78
10 27 -14
10 4 -79
17 4 -8
28 25 5
17 15 -100
17 25 -62
25 23 -32
25 27 -42
11 7 -71
20 4 0
5 21 -17
5 27 -30
21 27 -68
21 12 -60
12 13 -7
13 27 -13
13 26 -7
15 26 12
13 15 -63
13 8 -77
6 18 -30
6 15 -87
26 15 -92
26 23 -20
26 18 -56
15 18 9
8 7 42
15 0 -48
7 27 -100
23 27 48
8 27 -7
3 16 -62
13 10 -17
24 4 -70
15 14 1
23 28 -13
25 1 -82
27 15 -12
19 25 68
19 28 61
28 9 -63
23 2 -12
23 15 -90
17 18 26
23 7 -33
23 4 -5
23 17 -79
18 20 -42
18 10 -30
18 4 -28
18 29 -70
18 8 -48
29 17 46
14 2 -47
15 20 -35
4 20 44
7 20 42
7 12 -88
7 10 -3
7 9 -47
20 24 -61
4 9 -7
4 2 -98
22 21 1
2 16 -5
2 9 -93
8 10 -24
8 12 -43
21 10 -84
22 10 64
22 16 -42
9 11 28
13 5 -55
13 9 -60
6 11 17
6 5 -12
26 9 -58
26 16 -48
5 16 -28
11 9 -55
9 0 -24
13 1 -75
6 17 -2
2 24 41
5 12 -49
23 19 -63
18 16 -87
18 19 -28
25 18 0
25 19 -46
29 25 28
7 17 -59
7 4 95
25 10 31
29 18 22
18 27 -27
18 9 -25
19 9 -10
23 20 -94
5 1 -17
11 2 -72
11 24 20
11 1 -85
11 22 -16
20 21 25
21 17 -89
6 16 -66
6 1 21
26 22 -80
9 22 18
3 15 60
9 15 25
12 0 52
12 23 2
13 7 -74
9 21 30
26 4 33
18 5 1
2 18 34
18 28 -21
22 1 96
29 1 42
10 28 60
17 20 43
5 20 29
11 14 -60
24 14 -1
26 14 -4
26 12 -74
9 7 18
6 13 34
6 23 11
8 6 43
14 8 71
14 12 34
12 14 55
22 13 21
6 25 17
26 24 48
5 28 84
18 21 28
29 15 18
29 27 -45
7 14 33
19 7 54
27 14 25
20 14 3
10 14 72
21 25 -65
5 25 -64
11 25 -11
26 17 -22
26 2 -4
26 25 -60
17 1 4
6 2 84
6 9 29
6 8 34
9 8 39
16 13 9
22 0 35
23 12 65
6 29 -92
26 20 -32
9 19 6
11 13 6
13 28 -68
13 2 -4
4 25 10
11 29 -85
11 21 30
19 18 48
28 18 23
24 1 49
21 14 38
26 29 -55
29 5 75
6 22 8
6 12 44
2 12 19
17 8 49
17 22 43
17 12 66
23 9 47
17 13 44
29 20 36
6 7 56
6 4 34
26 27 0
18 25 10
19 1 5
19 21 68
6 20 -71
8 20 19
8 15 35
22 17 69
22 9 52
23 8 26
6 19 -21
22 4 8
26 13 13
10 13 28
10 18 49
7 18 5
17 27 -90
17 19 -91
18 1 23
20 1 24
10 21 32
11 19 -3
28 13 63
28 21 59
24 13 23
21 13 30
26 19 -10
5 9 20
16 9 65
4 15 78
23 25 -9
6 24 22
29 22 25
29 4 43
7 2 23
20 8 33
8 1 69
20 13 33
10 2 36
16 14 46
22 15 48
6 28 -77
5 26 80
17 28 30
29 23 47
6 27 26
5 2 74
18 26 35
15 9 38
21 9 62
20 9 14
21 20 22
25 20 47
7 26 51
5 18 43
5 13 62
2 13 81
11 16 62
28 16 58
24 16 10
6 0 46
23 29 49
6 10 -46
5 7 79
2 14 23
26 8 36
8 13 37
27 13 15
13 18 67
25 13 37
19 8 56
26 7 54
26 21 21
9 14 57
4 17 68
1 17 76
28 4 63
24 15 25
22 11 52
23 22 42
6 21 31
5 10 30
12 5 78
4 5 72
4 14 26
19 13 26
19 15 37
27 16 53
15 16 81
9 5 85
17 5 39
29 0 50
23 26 70
22 26 59
22 5 46
22 14 71
15 13 41
7 24 16
19 4 79
24 20 74
16 1 40
15 10 3
21 8 75
9 12 89
17 26 51
11 26 52
28 26 64
4 3 25
4 26 51
22 18 18
24 27 64
28 8 13
4 11 18
1 0 38
1 5 83
9 3 72
11 0 4
3 23 89
22 27 32
12 7 47
19 16 57
26 10 -39
24 28 83
20 28 77
3 20 81
22 20 23
2 10 58
4 21 78
23 21 67
16 27 6
16 26 48
23 14 6
13 25 79
18 12 66
11 12 21
11 10 51
22 3 90
7 15 84
1 26 75
27 21 94
24 10 30
16 10 53
2 19 70
1 18 70
7 5 9
7 11 47
24 0 42
24 5 14
24 11 36
5 17 92
4 8 44
19 23 87
8 18 57
15 23 12
1 28 91
10 25 69
23 13 23
5 15 73
24 9 23
27 9 10
14 21 79
23 10 37
17 21 11
1 25 54
2 3 91
8 16 67
8 9 1
19 27 90
14 20 76
8 11 82
8 3 62
8 25 27
8 17 59
14 26 55
13 17 6
3 25 36
8 26 55
1 13 86
0 25 7
14 7 31
14 3 76
12 26 30
3 13 11
14 15 83
3 21 -6
0 18 -91
19 0 78
15 3 4
12 15 78
3 26 -80
0 13 -21
12 4 65
27 0 60
1 3 72
3 28 -59
3 17 82
3 10 45
16 3 90
