-18303
98 0 -98
16 51 -98
74 73 -100
37 45 -99
66 14 -100
47 78 -100
93 24 -83
76 86 -80
87 1 -100
65 58 -98
80 68 -84
2 80 -80
90 32 -92
67 49 -86
40 4 -56
5 31 -54
43 67 -54
67 4 15
62 39 -98
99 67 -61
71 68 -84
90 89 -43
18 2 -42
10 12 -89
19 7 -63
46 13 -82
50 76 -85
34 77 -98
35 22 -96
84 41 -93
92 55 -59
14 30 -72
26 23 -97
42 72 -91
51 6 -96
25 9 -88
83 20 -95
27 98 -95
20 82 -93
48 14 -96
49 24 -92
35 73 -94
93 4 -81
96 88 -98
54 88 -97
37 33 -87
70 7 -91
91 3 -99
94 74 -94
85 23 -96
23 56 -84
34 68 -73
57 41 -75
32 56 2
43 65 -97
99 27 -99
99 81 -64
87 81 -80
78 67 -56
77 47 -97
17 28 -52
77 28 -20
28 78 52
15 20 -87
85 86 -87
82 38 -61
47 82 -57
86 91 -69
13 76 -12
7 65 -70
46 84 -86
60 63 -77
97 27 -93
27 55 -85
16 30 -94
59 48 -92
72 69 -91
21 72 -91
22 3 -88
31 12 -77
84 45 -88
26 16 -93
97 54 -62
50 83 -98
57 97 -96
50 66 -92
35 34 -60
66 9 -84
3 66 -92
93 3 -89
73 25 -93
20 27 -79
89 4 -80
69 4 -34
52 48 -93
90 22 -78
53 52 -86
78 22 -61
23 82 -89
40 41 -93
96 46 -84
96 78 -74
40 58 -15
95 37 -71
43 12 -87
67 58 -9
99 96 -57
61 49 -97
99 61 -7
70 77 -60
77 32 -4
56 95 -57
46 12 -52
41 39 -39
48 53 -74
23 25 -84
68 23 -72
4 69 -21
3 8 -83
91 76 -64
2 49 -79
72 98 -90
98 94 -84
13 50 -34
88 79 -91
70 8 -88
88 78 -88
14 97 -83
79 26 -86
81 19 -72
10 90 -77
12 71 -52
16 1 -93
16 39 -90
22 33 -55
52 86 -62
68 52 -71
60 86 -70
87 88 -96
18 95 -83
59 20 -78
85 57 -94
85 69 -91
75 44 -88
75 69 -80
75 24 -4
62 45 -80
85 3 -59
30 45 -58
4 2 -90
60 91 -55
68 92 -58
52 22 -53
22 52 -49
9 16 -74
15 72 -75
89 37 -52
0 83 -89
14 1 -56
54 97 -55
6 64 -87
93 63 -73
84 50 -81
21 84 -85
47 88 -75
60 33 -73
48 87 -76
6 77 -87
68 79 -86
15 45 -59
62 24 -73
83 39 -47
78 11 -63
79 51 -84
50 70 -76
56 37 -32
40 76 -88
40 69 -56
20 69 -57
61 71 -74
61 30 -67
38 30 -26
32 30 -55
53 54 -82
53 65 -70
94 24 -79
94 39 -74
53 14 -45
82 97 -87
22 82 -14
53 82 11
12 56 2
39 76 -38
34 86 -29
36 54 -89
36 18 -79
36 83 -61
78 41 -19
85 46 -65
51 98 -72
90 23 -48
46 74 -47
3 46 -51
93 85 -32
10 99 -25
58 10 -74
88 97 -74
16 25 -33
5 92 -52
95 5 -59
84 75 -53
35 64 -67
0 63 -54
83 31 -79
6 52 -84
19 47 -51
21 47 -78
81 65 -46
20 55 -74
85 8 -56
61 25 -75
34 60 -79
15 53 -52
63 66 -68
80 66 -75
66 49 -65
39 63 -44
94 13 -79
88 55 -82
10 88 -73
10 94 11
57 74 -33
59 28 -70
89 92 19
74 40 -26
53 43 -49
76 63 -60
1 47 -86
36 0 -86
36 87 -81
82 43 -8
39 82 35
16 99 4
23 15 -27
34 23 -24
28 9 -70
9 77 -59
77 3 7
96 42 -80
73 64 -6
47 37 -47
7 19 -34
79 58 -69
2 42 -66
95 22 -51
98 93 -45
29 60 -66
34 7 -29
2 27 -49
76 55 -67
83 72 -68
43 84 -63
21 32 -75
70 73 -20
63 37 -19
81 13 -31
79 71 -62
6 1 -77
78 6 -79
78 10 -55
40 94 -24
38 85 -59
87 31 -43
50 26 -44
58 50 7
62 47 -32
41 92 -47
99 68 17
53 68 -32
45 6 -82
20 87 -31
38 20 6
78 96 16
13 19 -21
88 63 -16
64 42 -74
76 66 -41
49 34 -44
43 49 -25
51 97 -62
97 2 -36
59 8 -55
17 55 -45
29 99 -66
59 24 -55
52 97 -50
6 56 -60
2 15 5
20 85 -46
39 46 -41
16 97 -69
16 61 -3
68 93 -70
68 7 -42
7 28 -19
21 68 62
79 30 -57
79 3 -46
62 95 -61
32 27 -70
32 57 -66
88 33 -61
47 93 -74
43 47 -32
50 60 -66
50 6 -63
50 46 -61
63 73 -64
1 79 -60
94 64 -71
42 21 -51
86 42 32
63 86 31
32 43 6
71 89 15
53 93 -70
31 84 -64
37 27 -21
4 14 -67
4 61 10
84 98 -31
69 25 -53
72 73 14
14 54 -52
18 83 -53
79 87 -17
59 79 -45
14 87 -39
69 88 -50
69 85 -39
6 14 -43
58 6 -40
2 60 -47
46 66 -51
4 66 -52
48 18 -53
54 29 -38
30 84 -55
20 54 -66
47 36 -43
47 56 -39
21 56 -37
47 5 -33
51 91 -40
98 24 -30
74 80 -44
74 56 -38
92 81 -25
61 66 -53
61 54 -47
74 32 -23
3 56 -46
3 65 -25
86 74 -52
86 71 -29
67 66 -53
9 5 -68
3 67 -6
53 80 -44
53 8 -38
24 11 -24
45 95 -57
45 29 -56
89 98 -24
47 20 -3
49 6 -84
4 1 -34
75 84 -5
84 78 32
2 95 -41
58 96 -2
59 76 -38
79 25 -9
18 34 -35
14 88 -37
89 84 -44
62 52 -41
58 2 -38
18 94 -35
90 6 -51
75 95 -43
54 22 -28
78 57 -18
97 35 -47
60 75 -26
97 60 -24
20 64 -34
61 93 -36
5 70 -16
86 99 -8
3 91 -54
3 21 -30
50 98 -20
92 2 -40
82 48 -52
76 33 -37
29 26 -42
15 13 -35
50 15 19
37 44 -14
11 66 -25
36 72 -49
61 96 11
96 25 25
56 61 -10
25 71 52
68 33 33
33 39 39
21 41 0
67 84 -51
67 41 12
80 97 -22
4 26 -36
46 8 -16
18 24 -33
95 14 -38
72 17 -28
95 69 -25
59 47 -35
48 90 -40
58 93 -3
6 35 -38
91 52 -13
21 25 2
0 12 -50
47 62 -28
8 51 -10
77 17 -37
56 84 -32
94 55 -37
94 83 7
39 78 30
83 78 33
20 61 50
4 42 -30
70 83 17
30 35 -36
60 49 26
31 92 5
28 11 47
15 14 -37
56 22 -22
97 56 -3
98 40 -3
63 3 12
36 58 -21
59 23 -33
80 54 -26
55 35 -32
41 34 2
81 59 -25
35 14 -29
59 94 -6
89 64 -10
70 17 -33
30 55 -35
0 58 -43
91 48 -39
21 51 18
48 15 -30
90 41 34
39 8 -2
12 2 -3
54 98 -11
31 19 -23
31 2 0
98 44 2
61 83 41
12 24 2
3 77 36
24 78 17
67 90 13
5 21 44
65 30 -30
75 40 -3
64 95 22
11 93 -21
72 16 -23
23 72 -27
7 17 -31
50 35 -31
36 30 -23
35 72 -23
54 18 -26
6 16 6
18 28 -17
61 6 14
66 18 -25
66 55 -6
97 11 12
48 10 -33
1 76 0
74 76 -2
71 10 -39
89 32 30
31 26 -20
69 89 1
23 69 -12
37 40 21
57 93 15
25 59 -13
25 87 -7
92 61 19
46 35 -20
17 95 -25
0 27 -23
46 23 -6
2 18 -4
55 81 -21
72 36 -11
35 93 -20
43 7 -26
76 80 -16
17 56 -24
19 55 -26
33 72 -25
49 30 35
69 1 17
67 9 16
67 70 22
60 84 60
17 39 -4
86 89 -9
98 25 20
64 35 -19
12 48 -8
55 52 -5
27 7 -17
0 16 -19
37 59 -18
72 53 -1
76 13 0
57 52 -3
12 73 -2
39 18 0
20 47 3
33 35 -22
48 21 -4
69 34 -16
69 68 14
31 42 25
35 61 11
67 99 21
28 34 14
15 29 43
49 28 48
66 43 23
36 84 29
32 92 -22
32 2 -7
8 74 35
23 95 7
26 58 3
37 87 10
77 98 -18
2 64 7
29 75 12
40 26 3
59 12 -1
15 51 -14
44 91 10
13 55 24
63 74 2
74 1 57
51 89 39
51 47 53
58 28 44
40 64 10
97 39 20
72 61 18
0 20 -12
92 95 4
50 72 1
45 2 3
76 16 14
8 79 -3
59 5 3
57 59 7
32 88 -19
83 13 -15
27 88 -2
83 74 16
12 58 5
89 12 6
53 40 2
9 48 -6
93 12 44
35 57 -15
78 75 17
25 72 -2
25 86 21
59 11 8
56 42 -3
17 54 -7
1 38 -19
84 69 25
14 74 2
26 65 35
39 20 54
91 73 19
54 76 28
50 79 2
17 79 2
0 21 8
45 17 9
94 80 9
4 81 18
55 92 8
14 98 10
24 79 6
58 23 8
30 0 1
67 35 18
27 20 21
85 96 11
71 31 31
48 13 -5
19 81 5
12 22 7
3 19 25
77 1 39
36 6 3
56 89 17
20 32 75
93 18 11
49 93 15
11 54 55
13 64 14
72 45 20
14 80 13
89 54 11
53 97 22
49 21 10
92 99 26
75 6 24
59 68 16
42 20 90
48 2 22
58 81 16
62 71 40
55 85 26
39 64 29
46 37 16
16 79 15
94 16 19
79 46 20
60 79 19
77 81 13
64 72 19
27 89 22
83 63 17
12 64 14
22 78 22
73 72 16
66 40 34
81 8 19
96 40 30
68 34 22
21 34 36
75 77 45
7 4 31
76 29 34
46 3 35
16 17 34
10 79 22
52 46 35
19 12 38
82 92 12
62 98 37
30 20 35
5 64 31
44 50 30
4 67 53
14 8 28
28 84 32
3 10 20
45 63 20
40 22 28
24 50 22
15 24 32
81 0 13
81 90 30
47 50 18
47 96 48
60 93 53
12 53 51
35 8 11
64 54 41
63 72 43
92 10 25
7 10 33
83 54 47
44 51 42
35 18 22
48 76 14
66 46 37
94 21 78
18 40 33
37 61 45
62 42 59
3 39 38
66 4 67
45 66 37
35 15 34
90 7 47
89 22 40
49 71 44
8 23 49
89 63 43
81 26 35
89 53 50
19 25 45
24 34 36
29 46 53
43 62 46
62 7 50
3 62 35
23 64 55
0 43 36
14 26 40
82 27 55
2 97 51
40 51 30
75 43 45
62 23 62
34 55 37
20 46 55
86 55 41
98 82 58
89 83 51
29 90 46
4 94 27
29 64 51
37 50 38
40 80 37
52 23 66
77 44 51
85 93 40
4 70 42
31 96 40
96 59 54
46 34 72
74 5 50
37 0 48
0 40 50
97 83 56
79 77 53
50 63 44
50 23 52
54 90 56
26 42 52
30 44 66
2 62 74
