-4358
25 3 -97
28 7 -100
7 27 -100
20 6 -98
14 23 -100
10 8 -99
4 2 -98
11 2 -72
16 11 -95
5 11 -99
16 5 -91
5 24 -56
24 13 23
18 16 -87
18 11 -59
11 18 -30
1 4 -95
12 1 -91
12 21 -65
8 21 -82
17 10 -98
23 17 -79
14 27 -100
6 14 -68
27 20 -73
29 9 -99
9 28 -93
22 19 -97
19 29 -92
26 22 -80
3 26 -80
15 25 -88
0 15 -94
17 15 -100
25 5 -96
10 9 -100
16 7 -93
1 7 -95
19 11 -91
14 11 -90
4 13 -98
13 27 -13
18 4 -28
2 26 -91
26 18 -56
11 14 -60
14 2 -47
12 16 -90
16 19 -84
7 12 -88
6 28 -77
28 1 -65
9 6 -73
24 3 -97
29 21 -96
21 10 -84
29 3 -84
23 20 -94
20 24 -61
5 8 -85
8 23 -48
22 25 -78
15 22 -82
0 17 -92
17 3 -93
28 15 -94
7 29 -95
23 15 -90
26 15 -92
19 26 -89
24 4 -70
2 0 -100
2 9 -93
12 2 -75
20 25 -86
27 26 -92
27 18 -35
25 27 -42
13 18 67
26 5 -77
21 6 -71
2 21 -54
4 12 -23
5 14 -74
24 22 -53
14 22 -49
9 23 -88
23 19 -63
7 9 -47
15 7 -46
29 11 -92
8 28 -47
11 1 -85
1 8 -81
16 17 -92
0 10 -91
10 16 -87
13 3 -78
0 18 -91
24 8 -91
28 5 -91
19 12 -80
17 19 -91
17 27 -90
7 23 -36
6 29 -92
6 20 -71
4 10 -91
27 22 -83
10 4 -79
11 4 -49
21 11 -19
4 11 18
2 23 -88
2 4 -22
2 11 -14
9 10 -75
9 20 -68
26 9 -58
20 26 -37
22 23 -60
23 7 -33
7 6 -28
14 17 -87
19 14 -76
12 19 -64
8 12 -43
25 1 -82
1 24 -54
16 15 -81
3 16 -62
29 13 -68
18 29 -70
20 0 -80
0 20 -75
11 29 -85
17 11 -78
14 9 -80
24 19 -44
9 24 -65
6 15 -87
16 23 -66
2 1 -88
21 17 -89
21 27 -68
13 1 -75
4 27 -20
1 21 -38
2 22 -67
16 22 -50
16 28 -50
22 28 -21
15 28 -62
6 19 -21
12 3 -77
11 7 -71
17 14 -67
3 29 -74
7 17 -59
10 11 -46
29 10 -67
26 12 -74
25 26 -73
25 8 -69
5 25 -64
20 18 -56
18 8 -48
28 0 -73
19 3 -67
2 29 -72
25 6 -72
24 17 -71
4 16 -78
20 23 -56
27 7 -81
15 11 -43
13 8 -77
11 22 -16
8 15 35
13 7 -74
27 19 -80
27 29 -76
27 5 -66
27 23 -55
12 18 -37
5 12 -49
5 23 -22
4 1 -55
1 20 -20
17 4 -8
6 26 -49
10 24 -46
26 10 -39
21 25 -65
14 16 -63
16 21 -56
14 28 -31
3 28 -59
0 9 -67
28 29 -67
29 19 -64
2 17 -68
17 6 -57
15 27 -42
11 27 -56
12 20 -42
13 22 -74
13 6 -70
13 23 -68
21 18 -49
14 18 -34
1 14 -22
8 0 -75
14 8 71
18 1 23
5 21 -17
13 15 -63
13 9 -60
9 13 -55
15 20 -35
12 9 -15
3 11 -33
6 3 -44
16 2 -65
25 22 -50
26 25 -60
19 10 -34
24 7 -60
0 4 -65
0 8 -61
25 24 -65
28 9 -63
13 28 -68
1 16 -50
14 19 -61
6 16 -66
23 3 -67
6 10 -46
4 23 -10
26 23 -20
10 26 -22
23 4 -5
4 15 78
11 23 -52
22 29 -45
29 14 -30
18 20 -42
20 3 -38
9 2 -55
3 22 -17
13 21 -38
7 13 -28
2 7 -26
24 12 -58
12 28 -55
17 25 -62
27 17 -39
8 5 -45
16 0 -47
18 6 -41
4 24 -58
25 19 -46
1 10 -49
26 29 -55
13 12 -20
11 28 -63
21 12 -60
3 7 -32
22 7 -44
20 22 -19
7 20 42
21 3 -18
11 15 -24
15 21 -6
11 13 6
12 13 -7
29 12 -16
9 26 -33
14 10 -32
1 9 -22
2 28 -29
17 2 -17
24 18 -44
5 27 -30
6 5 -12
16 8 -45
8 4 -38
0 16 -39
25 4 -55
24 6 -40
29 8 -55
13 5 -55
1 11 -19
21 1 -21
26 20 -32
2 20 13
15 2 1
26 3 -16
22 12 -6
3 21 -6
21 22 -2
5 1 -17
28 14 -28
14 13 -6
23 28 -13
23 6 -10
19 24 -38
19 9 -10
8 9 1
4 29 -40
27 25 -33
10 27 -14
16 18 -32
18 10 -30
2 27 -46
15 0 -48
15 1 -10
16 4 -26
18 19 -28
20 19 -32
14 0 -54
6 18 -30
22 16 -42
22 8 -33
21 19 -20
22 21 1
26 16 -48
26 19 -10
13 26 -7
11 9 -55
5 3 -9
7 3 -13
23 5 2
29 23 47
29 5 75
26 11 51
13 19 -6
20 14 3
6 22 8
18 27 -27
8 10 -24
17 16 -11
10 1 -12
15 17 -10
27 28 -15
25 2 -45
0 12 -37
12 24 -37
26 0 -44
0 26 -29
25 14 -44
4 28 -25
5 0 -48
12 10 -35
20 12 -29
7 28 -49
7 0 -48
1 12 -16
29 27 -45
29 2 -34
9 18 -40
11 19 -3
18 9 -25
13 11 12
19 6 0
6 11 17
9 19 6
2 18 34
7 1 -11
1 29 39
5 16 -28
16 20 -23
10 3 -10
27 15 -12
15 10 3
8 27 -7
14 4 -21
24 25 -37
24 23 -32
24 26 -25
26 17 -22
17 0 -27
23 0 -29
25 7 -38
4 0 -42
18 28 -21
29 28 -27
14 1 -5
5 19 -13
13 10 -17
7 8 -23
16 6 -20
27 9 10
9 21 30
6 27 26
29 26 -9
3 5 -7
3 1 -5
15 3 4
26 14 -4
20 4 0
8 20 19
24 2 -34
23 24 -20
0 11 -22
11 17 -15
25 23 -32
28 24 -21
29 24 -31
10 29 -4
14 24 -25
18 0 -35
18 24 -20
4 18 -13
4 9 -7
27 24 -32
6 17 -2
27 3 -4
26 1 20
24 21 -13
17 1 4
19 17 -15
20 17 -12
19 20 -2
12 17 -11
11 12 21
22 24 -31
11 20 67
19 1 5
16 27 6
9 16 16
5 4 11
18 5 1
15 18 9
29 15 18
7 10 -3
28 8 13
21 28 19
2 25 -9
0 13 -21
13 2 -4
21 0 -30
25 21 -24
25 11 -15
3 0 -32
23 2 -12
18 17 11
4 19 -2
14 25 -26
12 25 -32
12 8 -6
0 21 -20
27 1 -2
9 0 -24
5 9 20
10 5 -3
10 28 60
26 27 0
26 8 36
14 12 34
15 14 1
15 19 9
2 16 -5
22 4 8
18 22 17
13 17 6
16 13 9
11 3 -2
7 25 -14
29 7 -4
20 29 7
21 20 22
25 18 0
0 6 -17
23 25 -9
24 14 -1
16 25 -7
16 29 -6
26 2 -4
3 2 8
4 3 25
22 2 10
17 28 30
3 8 28
2 12 19
15 26 12
9 25 -14
9 27 23
9 15 25
9 17 27
11 25 -11
10 15 28
1 15 3
19 15 37
17 8 49
26 4 33
7 5 9
20 5 20
14 7 31
23 14 6
24 29 1
14 6 15
20 16 11
8 13 37
7 18 5
7 21 24
9 7 18
9 22 18
27 13 15
10 0 -11
22 27 32
17 23 -5
17 21 11
26 13 13
12 23 2
12 27 35
11 10 51
28 25 5
3 6 0
3 13 11
3 10 45
28 3 49
27 10 47
19 28 61
8 7 42
20 2 19
20 1 24
6 1 21
2 5 36
18 25 10
0 24 4
0 25 7
11 0 4
24 16 10
20 9 14
9 11 28
6 21 31
6 8 34
6 4 34
26 21 21
11 21 30
7 26 51
22 18 18
3 18 28
18 3 45
17 18 26
29 18 22
29 17 46
26 7 54
10 6 16
10 7 24
12 26 30
22 10 64
28 26 64
6 12 44
8 6 43
21 4 43
2 14 23
15 23 12
13 0 23
24 5 14
6 23 11
28 18 23
28 22 38
10 2 36
18 26 35
16 1 40
7 2 23
19 7 54
2 10 58
4 25 10
17 7 66
19 4 79
23 18 29
27 2 25
12 7 47
29 22 25
29 1 42
15 6 17
25 15 25
24 9 23
8 25 27
0 14 25
20 21 25
24 15 25
6 25 17
6 24 22
6 9 29
5 20 29
3 24 16
3 14 20
4 14 26
18 21 28
7 24 16
11 24 20
11 16 62
22 13 21
22 20 23
17 22 43
17 12 66
23 13 23
23 8 26
23 22 42
27 14 25
23 27 48
1 23 56
28 16 58
28 21 59
28 12 72
22 1 96
9 3 72
10 13 28
29 25 28
25 10 31
21 13 30
24 11 36
6 13 34
0 7 29
5 10 30
15 29 28
4 8 44
20 8 33
9 8 39
12 4 65
1 25 54
28 23 45
3 25 36
19 13 26
19 16 57
19 22 59
3 19 60
27 16 53
23 16 82
28 17 48
1 17 76
4 17 68
6 2 84
7 14 33
22 0 35
24 10 30
15 9 38
20 13 33
25 13 37
17 13 44
10 21 32
1 2 52
8 1 69
19 8 56
28 2 63
2 8 68
1 19 82
28 13 63
29 20 36
21 14 38
0 22 37
18 7 37
22 5 46
0 29 39
1 0 38
2 24 41
13 24 39
15 13 41
22 9 52
17 5 39
14 5 54
6 7 56
3 27 69
21 7 57
8 3 62
16 14 46
16 10 53
19 5 51
23 10 37
23 9 47
8 16 67
18 2 43
26 24 48
0 27 44
4 20 44
15 12 51
22 15 48
17 20 43
24 0 42
24 1 49
25 20 47
29 4 43
5 18 43
29 16 49
19 18 48
21 29 46
21 2 53
21 9 62
19 21 68
16 9 65
23 21 67
2 19 70
12 14 55
10 20 87
4 26 51
11 26 52
23 29 49
6 0 46
12 0 52
13 4 56
8 26 55
27 11 53
10 18 49
16 26 48
3 15 60
7 22 68
9 14 57
18 15 59
22 17 69
15 16 81
19 25 68
2 15 66
19 2 79
3 20 81
29 0 50
5 13 62
25 9 68
14 26 55
17 26 51
8 17 59
24 20 74
28 4 63
0 23 60
15 5 70
27 0 60
24 27 64
8 18 57
1 18 70
1 3 72
28 10 69
7 11 47
7 4 95
22 11 52
22 26 59
22 14 71
10 14 72
13 25 79
8 11 82
28 27 68
8 22 75
1 27 74
3 17 82
14 3 76
20 11 68
23 12 65
14 20 76
10 25 69
10 17 75
10 22 75
5 15 73
23 26 70
8 19 85
12 15 78
3 9 86
1 13 86
4 5 72
21 8 75
21 16 77
4 21 78
24 28 83
20 28 77
10 19 76
28 11 85
2 13 81
14 21 79
5 2 74
7 15 84
19 27 90
21 15 88
9 5 85
0 5 77
3 23 89
19 23 87
22 3 90
12 5 78
2 3 91
14 15 83
5 7 79
1 26 75
20 27 94
19 0 78
16 3 90
5 26 80
1 5 83
20 7 84
9 12 89
12 11 92
1 28 91
5 28 84
