-4186
25 3 -97
28 7 -100
7 27 -100
20 6 -98
14 27 -100
14 23 -100
10 8 -99
4 2 -98
11 2 -72
16 11 -95
5 11 -99
16 5 -91
5 24 -56
24 13 23
18 16 -87
18 11 -59
11 18 -30
1 4 -95
12 1 -91
12 21 -65
8 21 -82
17 10 -98
23 17 -79
6 14 -68
27 20 -73
29 9 -99
9 28 -93
22 19 -97
19 29 -92
26 22 -80
3 26 -80
15 25 -88
0 15 -94
17 15 -100
25 5 -96
10 9 -100
16 7 -93
1 7 -95
19 11 -91
14 11 -90
4 13 -98
13 27 -13
18 4 -28
2 26 -91
26 18 -56
11 14 -60
14 2 -47
12 16 -90
16 19 -84
7 12 -88
6 28 -77
28 1 -65
9 6 -73
24 3 -97
29 21 -96
21 10 -84
29 3 -84
23 20 -94
20 24 -61
5 8 -85
8 23 -48
22 25 -78
15 22 -82
0 17 -92
17 3 -93
28 15 -94
7 29 -95
23 15 -90
26 15 -92
19 26 -89
24 4 -70
2 0 -100
2 9 -93
12 2 -75
20 25 -86
27 26 -92
27 18 -35
25 27 -42
13 18 67
26 5 -77
21 6 -71
2 21 -54
4 12 -23
5 14 -74
24 22 -53
14 22 -49
9 23 -88
23 19 -63
7 9 -47
15 7 -46
29 11 -92
8 28 -47
11 1 -85
1 8 -81
16 17 -92
0 10 -91
10 16 -87
13 3 -78
0 18 -91
24 8 -91
28 5 -91
19 12 -80
17 19 -91
17 27 -90
7 23 -36
6 29 -92
6 20 -71
4 10 -91
27 22 -83
10 4 -79
11 4 -49
21 11 -19
4 11 18
2 23 -88
2 4 -22
2 11 -14
9 10 -75
9 20 -68
26 9 -58
20 26 -37
22 23 -60
23 7 -33
7 6 -28
14 17 -87
19 14 -76
12 19 -64
8 12 -43
25 1 -82
1 24 -54
16 15 -81
3 16 -62
29 13 -68
18 29 -70
20 0 -80
0 20 -75
11 29 -85
17 11 -78
14 9 -80
24 19 -44
9 24 -65
6 15 -87
16 23 -66
2 1 -88
21 17 -89
21 27 -68
13 1 -75
4 27 -20
1 21 -38
2 22 -67
16 28 -50
16 22 -50
22 28 -21
15 28 -62
6 19 -21
12 3 -77
11 7 -71
17 14 -67
3 29 -74
7 17 -59
10 11 -46
29 10 -67
26 12 -74
25 26 -73
25 8 -69
5 25 -64
20 18 -56
18 8 -48
28 0 -73
19 3 -67
2 29 -72
25 6 -72
24 17 -71
4 16 -78
20 23 -56
27 7 -81
15 11 -43
13 8 -77
11 22 -16
8 15 35
13 7 -74
27 19 -80
27 29 -76
27 5 -66
27 23 -55
12 18 -37
5 12 -49
5 23 -22
4 1 -55
1 20 -20
17 4 -8
6 26 -49
10 24 -46
26 10 -39
21 25 -65
14 16 -63
16 21 -56
14 28 -31
3 28 -59
0 9 -67
28 29 -67
29 19 -64
2 17 -68
17 6 -57
15 27 -42
11 27 -56
12 20 -42
13 22 -74
13 6 -70
13 23 -68
14 18 -34
21 18 -49
8 0 -75
8 5 -45
18 21 28
1 14 -22
5 1 -17
13 15 -63
13 9 -60
9 13 -55
15 20 -35
12 9 -15
3 11 -33
6 3 -44
16 2 -65
25 22 -50
26 25 -60
19 10 -34
24 7 -60
0 4 -65
25 24 -65
28 9 -63
17 25 -62
13 28 -68
13 5 -55
6 16 -66
14 19 -61
26 29 -55
23 3 -67
11 23 -52
21 22 -2
22 21 1
15 21 -6
29 14 -30
26 16 -48
6 10 -46
18 6 -41
16 18 -32
20 3 -38
25 19 -46
3 7 -32
20 19 -32
2 27 -46
9 2 -55
24 12 -58
4 24 -58
12 28 -55
0 8 -61
8 4 -38
16 0 -47
16 8 -45
24 18 -44
14 0 -54
25 4 -55
29 27 -45
21 12 -60
22 7 -44
21 3 -18
5 3 -9
6 5 -12
23 6 -10
23 5 2
13 21 -38
11 28 -63
11 9 -55
3 5 -7
6 23 11
1 9 -22
9 22 18
15 1 -10
27 15 -12
4 29 -40
25 2 -45
25 14 -44
2 28 -29
28 14 -28
18 19 -28
17 2 -17
12 24 -37
12 10 -35
26 20 -32
8 10 -24
4 0 -42
7 28 -49
7 0 -48
25 7 -38
26 0 -44
18 20 -42
7 13 -28
14 10 -32
10 26 -22
1 16 -50
1 10 -49
15 0 -48
11 15 -24
29 8 -55
19 9 -10
5 27 -30
21 19 -20
5 21 -17
5 19 -13
9 19 6
8 27 -7
27 9 10
22 29 -45
3 22 -17
15 3 4
1 11 -19
26 17 -22
14 1 -5
23 2 -12
13 10 -17
12 25 -32
24 6 -40
16 4 -26
0 16 -39
28 24 -21
4 28 -25
0 12 -37
20 12 -29
22 16 -42
9 18 -40
24 25 -37
24 2 -34
2 7 -26
19 24 -38
11 19 -3
21 1 -21
26 19 -10
14 4 -21
13 26 -7
28 26 64
13 19 -6
11 13 6
4 19 -2
29 2 -34
5 0 -48
5 13 62
29 5 75
6 11 17
15 14 1
7 3 -13
24 23 -32
27 25 -33
25 23 -32
10 27 -14
18 10 -30
22 8 -33
8 9 1
16 20 -23
20 22 -19
12 17 -11
0 26 -29
24 26 -25
21 0 -30
25 21 -24
18 0 -35
27 17 -39
27 24 -32
6 18 -30
3 0 -32
13 12 -20
18 27 -27
9 26 -33
7 8 -23
22 24 -31
29 24 -31
10 29 -4
15 19 9
29 15 18
10 5 -3
5 10 30
22 5 46
1 12 -16
4 9 -7
12 13 -7
20 4 0
2 20 13
13 2 -4
3 1 -5
27 3 -4
16 6 -20
25 11 -15
26 23 -20
23 24 -20
28 25 5
21 28 19
24 21 -13
17 0 -27
18 9 -25
14 25 -26
14 24 -25
29 28 -27
23 0 -29
23 28 -13
4 23 -10
10 3 -10
5 16 -28
27 28 -15
6 27 26
6 21 31
26 3 -16
26 21 21
23 10 37
22 4 8
7 1 -11
12 8 -6
20 14 3
8 20 19
15 2 1
25 18 0
17 16 -11
0 11 -22
16 25 -7
15 17 -10
10 1 -12
0 13 -21
29 12 -16
2 16 -5
22 12 -6
18 28 -21
9 0 -24
3 21 -6
11 24 20
20 9 14
21 20 22
7 5 9
5 4 11
4 3 25
18 22 17
6 22 8
16 27 6
26 2 -4
1 29 39
23 25 -9
15 10 3
17 23 -5
13 17 6
18 24 -20
0 21 -20
10 6 16
7 25 -14
7 10 -3
24 14 -1
2 25 -9
23 4 -5
29 26 -9
16 29 -6
20 29 7
9 25 -14
19 20 -2
5 9 20
20 5 20
28 3 49
19 28 61
9 3 72
26 27 0
26 4 33
26 8 36
12 23 2
2 12 19
14 6 15
6 25 17
7 2 23
25 10 31
1 15 3
15 18 9
11 17 -15
17 1 4
13 11 12
0 6 -17
20 17 -12
29 7 -4
14 13 -6
18 5 1
26 14 -4
26 1 20
11 25 -11
15 23 12
3 8 28
28 8 13
22 27 32
4 18 -13
4 25 10
28 22 38
23 8 26
10 28 60
19 17 -15
3 10 45
11 12 21
26 11 51
2 14 23
20 16 11
14 12 34
7 18 5
24 29 1
6 17 -2
0 24 4
16 13 9
7 21 24
18 25 10
20 2 19
20 1 24
15 26 12
6 1 21
23 14 6
22 2 10
22 20 23
27 1 -2
9 27 23
10 0 -11
19 6 0
19 1 5
27 10 47
12 27 35
11 3 -2
11 10 51
9 17 27
17 28 30
5 20 29
20 8 33
17 8 49
2 5 36
29 18 22
14 7 31
4 14 26
24 16 10
0 25 7
18 17 11
8 13 37
26 13 13
7 14 33
23 13 23
22 13 21
9 16 16
10 2 36
17 21 11
16 1 40
2 10 58
27 13 15
27 2 25
11 0 4
11 20 67
27 11 53
29 1 42
3 6 0
3 2 8
3 13 11
9 7 18
21 13 30
23 22 42
28 23 45
8 7 42
24 5 14
15 6 17
18 1 23
22 18 18
29 22 25
9 15 25
24 9 23
8 25 27
25 13 37
7 24 16
20 21 25
20 13 33
17 20 43
7 20 42
12 26 30
6 24 22
6 13 34
6 12 44
10 7 24
10 13 28
19 13 26
28 10 69
20 28 77
7 26 51
16 26 48
3 24 16
3 14 20
3 25 36
11 21 30
21 4 43
2 24 41
5 18 43
25 15 25
24 15 25
0 14 25
15 29 28
29 25 28
10 21 32
2 18 34
3 18 28
18 3 45
17 18 26
13 0 23
17 13 44
19 8 56
23 18 29
23 27 48
1 23 56
28 18 23
25 20 47
22 10 64
24 11 36
9 11 28
6 9 29
6 4 34
10 15 28
9 21 30
18 2 43
19 16 57
27 14 25
27 16 53
29 20 36
17 22 43
28 13 63
22 1 96
29 17 46
29 23 47
29 16 49
2 19 70
21 14 38
0 7 29
7 11 47
22 0 35
6 8 34
0 22 37
15 9 38
19 15 37
24 10 30
4 20 44
29 4 43
16 14 46
14 5 54
3 27 69
21 2 53
23 21 67
1 2 52
1 27 74
17 5 39
28 21 59
28 2 63
28 27 68
18 26 35
18 7 37
19 7 54
0 29 39
1 0 38
13 24 39
9 8 39
28 17 48
19 18 48
10 18 49
16 10 53
4 8 44
10 20 87
12 14 55
1 25 54
15 13 41
6 7 56
0 27 44
12 7 47
24 0 42
26 24 48
24 1 49
19 5 51
8 6 43
13 4 56
3 19 60
8 11 82
28 16 58
19 21 68
23 9 47
28 4 63
22 9 52
15 12 51
6 2 84
23 29 49
6 0 46
12 0 52
15 5 70
2 15 66
22 15 48
8 18 57
9 14 57
11 16 62
24 27 64
10 14 72
25 9 68
2 8 68
26 7 54
4 26 51
17 26 51
11 26 52
8 26 55
16 9 65
29 0 50
3 15 60
14 26 55
22 11 52
22 26 59
7 22 68
14 20 76
21 7 57
21 9 62
5 2 74
24 20 74
18 15 59
12 4 65
8 17 59
19 22 59
17 7 66
19 4 79
1 17 76
8 3 62
8 16 67
20 11 68
15 16 81
5 15 73
23 12 65
28 12 72
17 12 66
4 17 68
18 12 66
0 23 60
1 18 70
8 1 69
22 17 69
22 14 71
21 8 75
19 25 68
21 16 77
10 25 69
4 5 72
4 15 78
7 15 84
0 5 77
25 0 76
8 22 75
27 0 60
23 26 70
12 15 78
1 3 72
4 21 78
3 20 81
10 22 75
19 2 79
13 25 79
14 8 71
24 28 83
5 7 79
19 0 78
5 26 80
14 3 76
14 21 79
7 4 95
12 5 78
2 13 81
10 17 75
10 19 76
9 5 85
23 16 82
8 19 85
3 17 82
1 26 75
21 5 84
20 27 94
3 23 89
3 9 86
1 19 82
1 5 83
19 23 87
16 3 90
2 3 91
22 3 90
14 15 83
5 28 84
9 12 89
1 13 86
20 7 84
10 12 80
28 11 85
19 27 90
1 28 91
12 11 92
