-64442
55 37 -99
390 239 -100
346 131 -100
345 117 -99
50 482 -99
140 401 -99
101 308 -99
118 172 -99
64 207 -99
173 383 -99
357 237 -100
98 7 -99
61 485 -99
443 148 -100
159 155 -78
343 159 -85
423 426 -67
19 492 -88
232 363 -100
483 411 -99
368 438 -98
126 284 -100
304 164 -80
323 318 -99
161 193 -100
431 164 -67
300 419 -93
459 279 -99
462 147 -90
45 471 -71
427 105 -99
286 51 -97
353 69 -100
433 85 -90
57 280 -58
354 244 17
313 68 -62
407 381 -34
427 268 -63
301 469 -98
351 309 -68
312 379 -98
261 419 -92
3 488 -25
465 402 -68
341 224 -51
193 240 -69
281 404 -61
294 334 -99
330 226 -93
76 33 -96
71 285 -95
107 335 -88
479 181 -94
363 82 -90
228 456 -85
208 256 -93
90 202 -65
412 256 -100
148 208 43
231 254 -85
347 293 -87
15 112 -97
263 198 -94
24 100 -98
93 253 -94
476 113 -98
118 464 -59
401 197 -40
9 133 -98
154 170 -80
177 421 -98
378 121 -73
295 119 -99
111 398 -96
227 62 -99
62 473 -78
219 12 -99
81 264 -98
27 138 -94
330 365 -100
151 414 -100
151 262 -99
476 477 -92
462 18 -96
301 178 -97
200 237 -96
317 227 -94
247 128 -99
455 281 -99
118 255 -93
430 101 -98
137 325 -98
283 324 -61
493 39 -100
349 92 -89
355 375 -98
377 424 -70
152 357 -97
284 361 -45
360 457 -37
327 308 -98
487 468 -100
8 246 -72
82 316 -91
40 208 -76
40 367 -13
16 246 -64
488 232 -76
398 197 45
298 349 -99
20 423 -79
479 282 -65
452 311 -74
96 60 -93
410 261 -95
389 220 -94
446 90 -53
383 80 -86
36 162 -82
481 458 -72
301 24 -95
332 170 -89
262 292 -76
461 23 -93
176 254 -98
50 336 -89
236 454 -97
132 474 -97
326 473 -89
432 480 -89
70 362 -98
470 62 -66
70 6 -96
411 1 -97
126 443 -98
126 109 -91
392 182 -98
192 14 -92
167 219 -98
435 448 -88
194 452 -88
466 176 -96
125 154 -99
383 292 -94
9 234 -96
136 199 -69
272 420 -99
324 146 -98
483 239 -87
243 177 -89
447 284 -96
188 358 -88
200 277 -85
98 325 -75
366 358 -85
229 385 -91
94 289 -94
94 209 -93
346 269 -97
12 346 -96
88 365 -98
128 161 -92
307 191 -97
39 101 -96
40 361 -19
419 4 -74
467 22 -96
59 195 -83
488 245 -99
424 245 -100
47 340 -95
488 457 -83
344 367 -41
88 39 -51
85 191 -88
209 3 -93
226 80 -89
226 388 -73
206 173 -89
372 229 -95
60 108 -41
493 315 -79
433 430 -48
269 32 -45
227 318 -69
178 264 -90
294 397 -76
381 24 -81
301 272 -73
138 328 -94
54 96 -73
201 156 -95
427 498 -59
449 13 -93
461 370 -93
352 27 -62
443 462 -94
462 74 -92
135 270 -96
242 31 -89
190 174 -90
428 259 -94
158 476 -65
253 295 -97
228 254 -98
466 250 -82
144 330 -81
48 449 -88
393 110 -90
233 143 -91
375 233 -90
454 333 -70
317 89 -93
7 336 -77
43 491 -90
43 62 -80
61 84 -94
495 138 -67
244 478 -97
483 141 -79
245 389 -84
439 304 -76
354 297 -96
175 430 -96
474 25 -82
157 337 -63
391 178 -75
152 489 -79
137 274 -8
149 137 -57
105 436 -99
284 5 -81
232 187 -69
372 209 -31
311 410 -57
101 422 -90
25 86 -76
33 29 -73
32 386 -73
213 59 -95
157 280 -53
314 246 -51
226 113 -90
289 188 -80
299 76 -68
405 79 -68
199 61 -62
251 122 -62
206 146 -45
412 171 -95
412 287 -93
290 333 -61
452 168 -81
196 154 -79
140 83 -76
235 2 -78
71 9 -55
479 144 -77
81 19 -77
207 78 -89
183 210 -82
131 54 -86
254 462 -83
438 408 -93
35 64 -96
326 30 -85
132 45 -85
118 262 -86
219 435 -87
236 411 -88
124 107 -78
498 231 -14
70 135 -68
293 216 -95
407 144 -89
318 449 -93
455 436 -87
2 201 -88
312 440 -93
79 138 -89
27 375 -89
467 49 -91
429 358 -93
311 370 -95
220 370 -84
59 477 -96
109 207 -87
344 476 -75
357 474 -97
235 84 -19
304 9 -91
304 148 -87
43 9 -90
383 196 -78
61 145 -86
399 35 -74
114 435 -80
56 167 -94
316 479 -91
11 373 -98
90 245 -63
431 463 -75
221 355 -66
276 260 -93
82 188 -56
50 256 -95
374 50 -15
90 313 -57
385 264 -86
178 114 -8
385 250 -38
45 438 -85
48 15 -78
6 256 -88
267 235 -93
423 400 -77
26 179 -87
443 123 -82
191 493 -83
49 30 -62
198 92 -81
481 171 -69
236 3 -84
489 360 -86
294 490 -82
216 212 -83
341 466 -72
438 454 -85
316 55 -93
78 263 -89
473 26 -66
74 110 -78
282 194 -82
142 322 -91
410 174 -87
467 214 -86
252 243 -82
462 406 -85
371 31 -92
162 171 -85
418 118 -42
357 399 -87
430 106 -94
405 383 -71
153 30 -65
182 50 -79
407 448 -83
52 436 -68
238 484 -89
433 125 -85
208 322 -90
487 169 -95
487 107 -68
353 483 -90
138 486 -78
468 235 -55
38 235 -77
221 150 -90
188 450 -53
377 5 -54
77 43 -93
466 327 -47
205 46 -75
11 106 -97
417 10 -94
417 264 -86
83 339 -69
412 99 -92
296 440 -93
351 282 -91
477 207 30
442 190 -90
442 301 -89
98 195 -70
25 61 -52
157 117 22
386 490 -92
200 205 -72
105 17 -89
39 277 -93
346 175 -95
213 355 -90
239 21 -50
196 397 -42
487 202 0
220 246 -31
365 185 -61
299 373 -94
150 147 -63
149 35 -82
279 423 -85
406 325 -84
322 258 -11
27 40 -76
166 390 -91
390 395 -84
106 166 -72
219 489 -83
120 499 -87
473 295 -67
455 298 -83
312 248 -84
282 375 -81
12 282 -82
191 217 -80
299 131 -85
156 41 -90
236 146 -84
469 453 -86
371 499 -91
376 393 -69
371 228 -74
477 486 -68
209 49 -9
306 430 -81
488 325 -78
325 36 -70
396 72 -89
112 271 -53
454 250 -79
25 15 -63
98 78 -80
263 397 -63
485 206 -65
203 99 -93
152 361 -71
343 132 -85
458 77 -95
277 492 -85
487 458 4
471 4 -74
201 479 -36
80 114 -56
497 86 -53
168 454 -45
450 396 -29
127 398 -83
200 161 -56
157 402 -9
143 461 -74
349 253 -74
44 222 -82
165 18 -81
223 83 -36
291 76 -75
230 225 -59
328 378 -60
293 215 -58
58 183 -69
121 303 -79
455 342 -82
236 258 -84
370 378 -73
35 79 -84
428 44 -76
318 172 -77
162 125 -74
414 480 -76
437 131 -76
183 31 -78
256 371 -54
481 183 -67
203 439 -84
160 384 -79
359 317 -89
201 174 -64
173 248 -42
360 349 -46
412 271 -47
156 210 -72
340 488 -48
57 248 -79
306 20 -51
154 14 -67
424 13 -63
375 388 -71
354 490 -71
492 420 -79
80 291 -62
474 43 -70
101 388 -86
417 101 -30
311 118 -86
311 144 -84
311 275 -74
478 161 -26
492 333 -72
331 432 -90
490 479 66
222 462 -72
76 20 -35
86 145 2
461 53 -63
389 196 -73
253 252 -66
5 468 -61
372 336 -37
251 347 -71
73 93 -71
79 24 -65
445 215 -68
113 79 -54
194 421 -85
74 28 -56
400 445 -66
199 328 -68
493 395 -79
495 413 -75
12 454 -68
395 356 -67
449 120 -76
392 231 -79
169 242 -77
124 318 -75
335 302 -71
305 384 -72
434 356 -81
48 298 -60
491 362 -74
46 466 -71
394 312 -69
245 460 -69
236 268 -83
209 145 -71
348 55 -73
22 79 -71
186 54 -66
16 92 -66
301 322 -37
239 207 -47
35 109 -67
117 171 -58
334 278 -48
77 146 -85
336 219 -72
122 45 -66
30 24 -56
195 317 -54
234 459 -52
472 229 -87
303 219 -70
478 405 -63
89 485 -40
342 459 -72
217 213 -34
141 351 -32
89 84 -5
259 56 -87
130 250 -74
43 313 -36
409 269 -93
269 77 -84
471 348 -75
471 350 -75
153 165 -65
387 192 -35
15 328 -38
218 186 -61
314 79 -54
252 22 -39
103 81 -45
375 183 -52
299 340 3
455 82 -76
309 132 -68
467 264 -70
10 288 -46
251 78 -45
148 9 -67
474 323 -42
461 26 -60
432 65 -77
428 125 -73
262 443 -68
493 143 -51
335 421 -57
124 196 -70
392 391 -79
44 35 -56
325 143 -75
210 252 -50
163 395 -80
282 231 -68
423 454 -59
165 175 -65
260 373 -74
224 446 -66
247 249 -65
90 352 -84
195 140 -70
497 81 -79
399 324 -56
346 23 -52
178 310 -64
78 173 -60
84 443 -80
84 470 -51
114 182 -63
309 204 -58
420 460 -68
217 64 -75
46 328 -55
45 316 -67
294 71 -62
445 410 -61
135 96 -14
340 466 -45
29 308 -27
179 17 -68
388 79 -64
127 396 -93
336 171 -34
291 220 -49
397 381 -37
492 496 -37
402 253 -1
187 353 2
127 45 -91
370 180 -66
451 152 -43
451 246 -26
254 420 -85
286 371 -2
357 276 -49
462 213 -33
120 71 -54
219 403 -61
452 407 -68
142 140 -65
326 341 -62
137 224 -33
295 70 -62
24 404 -50
414 289 -62
58 279 -66
60 42 -52
52 31 -53
290 104 -62
144 199 -50
55 368 -74
38 65 -57
248 251 -60
337 184 -65
349 190 -65
332 143 -57
93 494 -69
236 442 -74
392 417 -74
222 498 -69
285 291 -66
481 295 -72
330 16 -72
312 33 -76
162 121 -56
102 484 -60
209 408 -81
284 297 -69
433 137 -8
198 460 -71
235 452 -53
76 445 -68
125 464 -73
195 161 -46
431 36 -36
328 435 -38
328 100 -28
430 278 -45
407 100 -61
1 278 -53
255 245 -48
160 159 -41
98 63 -26
17 294 -56
146 272 0
221 98 -36
114 1 -41
324 255 -49
303 109 -56
374 372 -9
331 256 -66
365 384 -66
396 496 -11
458 374 -23
259 185 -40
485 210 -29
440 102 -88
260 381 -15
79 498 -77
79 221 -54
358 98 -67
317 113 -81
327 382 -76
492 391 -70
176 131 -1
189 373 -78
55 76 -64
388 215 -42
127 498 -82
286 413 -76
170 269 -54
129 413 -58
299 35 -63
111 7 -49
85 362 -70
345 341 -70
222 383 -66
18 199 -51
291 334 -65
126 158 -84
434 332 -42
444 223 -50
155 444 -54
349 83 -57
184 2 -61
236 431 -62
29 53 -69
408 411 -66
330 435 -63
357 73 -63
392 121 -72
156 179 -66
109 256 -54
428 85 -69
147 214 -61
13 312 -59
20 344 -69
40 78 -23
164 453 -62
445 111 -67
164 445 -31
127 51 -55
315 65 -62
310 264 -50
417 9 -57
263 376 -70
327 457 -61
7 289 -46
120 87 -45
267 125 -42
219 316 -45
37 317 -69
76 77 -48
403 7 -48
359 32 -50
142 0 -74
324 120 -44
0 494 -73
81 311 -41
130 71 -52
195 402 -39
228 42 -65
316 120 -14
96 17 -2
460 32 -4
260 231 -46
370 222 -57
212 417 -19
233 435 -75
153 12 -68
61 208 -69
165 215 -56
237 199 -49
214 262 -48
82 392 -70
342 73 -21
337 372 -50
432 21 -60
351 318 -58
398 55 -52
173 249 -46
428 278 -66
240 66 -57
433 319 -71
370 11 -55
58 322 -41
294 107 -55
331 249 -69
39 263 -66
404 128 -49
189 384 -58
354 169 -68
227 354 -45
359 344 -61
432 195 -50
74 449 -55
383 58 -70
60 229 -52
312 431 -24
487 474 -59
267 128 -59
306 315 -28
409 472 -72
318 414 -53
292 414 -65
178 292 -55
208 411 -59
308 340 -10
204 114 -41
281 296 -36
45 206 -41
286 320 -24
219 2 17
32 394 -32
131 426 -67
88 245 -24
392 189 -67
222 45 -32
123 366 -68
313 451 -60
50 218 -14
397 362 -59
63 237 -67
27 19 -41
35 474 -44
462 299 -35
471 351 -13
16 461 -55
496 266 -40
490 301 -71
256 46 -13
359 444 -37
109 179 -62
393 287 -60
454 166 -53
113 335 -54
115 495 -44
448 368 -69
236 333 -40
193 373 -59
463 428 -64
416 236 -55
150 441 -52
312 240 -63
468 421 -45
359 247 -64
464 74 -66
126 174 -66
294 157 -34
425 5 -59
378 230 -45
122 271 -55
447 95 -48
447 131 -47
5 326 -54
393 197 -35
496 390 -70
214 496 -33
79 358 -45
18 481 -62
100 332 -60
171 352 -30
13 83 -38
124 11 -62
203 408 -67
60 51 -28
298 7 -39
260 97 -19
167 39 -63
111 154 -34
205 44 -42
0 448 -67
266 445 -26
335 248 -25
335 85 2
438 460 9
139 376 10
276 445 -25
45 235 -40
449 73 -61
327 2 -57
118 413 -29
367 177 -63
180 495 -54
148 180 -52
127 94 -54
365 461 -43
436 362 -42
95 486 -26
293 8 -52
455 93 -54
48 349 -42
85 251 -52
216 395 -53
463 461 -61
494 106 -56
256 437 -42
42 494 -60
10 455 -44
184 434 -43
302 179 -46
148 43 -56
157 10 -49
354 373 -45
385 483 -54
435 441 -65
114 375 -30
79 104 -40
324 465 -66
62 428 -54
108 485 -27
238 326 -41
334 337 -64
377 483 -59
298 495 -47
338 44 -48
222 279 -53
399 312 -50
185 399 -51
460 326 -57
458 185 16
480 345 -57
383 115 -66
366 218 -21
453 279 -54
221 119 -58
362 267 -28
242 297 -53
286 186 -40
195 18 -35
71 473 -46
207 190 -59
440 281 -18
450 354 -42
359 464 -41
410 394 -50
177 329 -34
394 11 -36
355 463 -54
105 343 -50
253 432 -68
257 41 -39
113 427 -43
442 325 -60
190 151 -44
81 300 -51
110 348 -34
133 355 -60
41 432 -48
204 103 -47
463 365 -54
385 249 -40
433 494 -55
38 42 -47
186 60 -32
413 121 -48
252 279 -45
402 151 -62
356 70 -33
134 158 -39
106 379 -43
312 203 -50
248 400 -53
313 302 -31
291 313 -42
397 335 -28
235 138 -53
318 446 -59
494 269 -50
64 42 -55
145 154 -17
486 373 -35
61 122 -26
6 131 -25
374 15 -9
18 448 -30
31 73 -36
187 384 -32
80 195 -35
8 345 -43
76 197 -38
292 244 -19
1 400 -53
410 140 -56
24 313 -29
90 147 -36
98 100 -32
230 400 -29
315 393 -59
390 146 -31
241 284 -40
60 161 -31
249 426 -22
438 119 -45
69 48 -34
477 200 -41
85 395 -42
442 152 -40
301 368 -30
29 429 -37
122 344 -44
390 200 -53
211 182 -54
489 158 -46
25 497 -44
115 155 -42
115 121 -38
310 199 -48
87 289 -19
388 106 -35
397 337 -50
278 470 -41
24 151 -52
355 264 -52
276 201 -30
43 425 -36
6 292 -35
223 290 -27
327 132 -41
410 194 -44
339 383 -53
407 360 4
56 70 -46
117 260 31
19 352 -20
284 479 -27
495 92 -28
420 199 -66
326 483 -4
159 343 -24
436 216 -57
474 44 -41
290 312 -27
262 240 -14
298 316 -28
341 394 -5
215 27 -25
397 278 -20
434 120 -13
208 40 1
199 463 -40
25 375 -25
119 58 -39
478 393 -26
444 249 -15
69 468 -33
140 467 -30
432 401 -30
163 236 -28
429 304 -31
295 293 -50
441 116 -39
222 216 -38
448 109 -29
469 437 -43
443 469 -39
439 344 -43
395 26 -41
463 113 -47
144 90 -27
47 105 -40
212 322 -35
74 81 -43
246 376 -28
200 135 -26
60 184 -46
213 431 -21
270 385 -33
174 163 -53
429 355 -31
156 388 -33
128 191 -34
139 415 -43
134 424 -39
335 148 -18
221 350 -43
275 26 -53
12 151 -54
453 439 -65
384 347 -33
354 7 -26
7 260 -19
387 247 -51
387 99 -41
291 126 -44
296 243 -45
386 35 -47
398 400 -32
259 130 -48
241 392 -46
307 200 -53
185 179 -45
233 153 -34
13 322 -55
13 192 -42
89 491 -49
18 83 -38
107 413 -44
245 486 -25
311 419 -54
383 192 -50
50 192 -48
219 116 -45
436 418 -48
444 58 -9
302 165 19
274 451 -50
433 57 12
127 294 -45
430 135 -16
61 318 -17
415 200 -22
59 43 -31
493 48 -7
470 443 -30
115 1 -23
468 372 -18
68 368 -38
448 371 -27
108 310 -28
5 69 -40
81 136 -40
489 175 -31
85 79 -37
494 98 -12
494 408 26
483 12 -40
34 497 -37
74 295 -43
362 74 -38
340 385 -7
28 328 -11
292 232 -39
486 131 -21
170 204 -38
429 376 -22
398 13 -25
356 205 0
41 95 -38
394 494 -39
341 41 -23
19 168 -16
19 41 -12
52 29 -9
240 341 -29
185 180 -4
339 391 -32
237 490 -5
293 370 -42
423 355 -25
139 469 -34
379 493 -23
3 41 -44
496 209 -32
496 354 -28
11 30 8
469 493 -32
195 51 -1
200 47 -37
492 66 -54
343 423 -42
436 400 -28
337 398 -31
253 162 -25
384 97 -8
452 183 -7
385 162 -7
129 415 5
399 251 -3
232 249 -17
93 163 -24
349 108 -25
257 442 -38
301 239 -28
138 475 -34
214 33 -28
55 0 -42
329 491 -37
26 113 -33
191 177 -42
434 182 -33
66 95 -44
460 172 -37
325 163 -15
366 432 -30
413 24 -28
104 419 -25
443 81 -30
394 377 0
333 168 -25
56 227 -27
387 269 -40
49 82 -54
94 237 11
256 367 3
365 470 -25
245 386 -16
310 470 -21
210 475 -36
68 315 -10
407 380 -34
345 52 -38
290 345 -9
291 84 -3
312 351 -6
225 303 -16
74 339 -28
7 419 -38
376 334 -37
174 463 -26
481 31 -16
92 432 -32
453 58 -37
286 266 -39
236 277 -17
212 217 -22
492 341 0
5 401 -11
410 17 -44
383 456 -3
165 298 -8
72 424 -28
140 406 -23
109 255 -19
396 164 -18
162 319 -30
400 184 -32
124 491 -19
295 238 -32
374 95 -36
85 300 -32
39 191 -31
45 301 -20
316 273 -14
361 329 -17
234 140 -18
306 433 -28
218 263 -25
444 113 -26
146 111 -30
42 65 -18
179 58 -19
293 163 -31
152 429 -15
293 455 -9
289 115 -34
415 54 -33
25 40 -17
251 136 -37
192 322 -33
426 295 -37
236 112 -27
242 357 -50
255 459 -17
62 401 -11
221 345 28
55 332 -52
232 221 17
105 211 -36
482 173 -18
375 173 -30
403 236 -7
76 467 -41
76 478 -36
220 467 -13
135 371 6
342 12 -26
442 447 -33
187 429 -15
16 177 -21
372 52 14
133 247 -14
306 24 -24
328 329 -35
78 20 -6
69 59 -28
126 257 -20
259 184 -26
400 252 -29
68 153 -16
498 499 -19
206 295 -22
193 85 -28
225 484 -32
177 171 -21
69 369 -17
315 437 -36
116 91 -39
423 361 -11
122 103 -24
3 428 -31
281 393 -17
1 356 -17
470 154 -18
443 377 -9
61 449 -15
250 497 -1
25 391 11
74 445 -35
74 25 10
239 294 -25
246 59 -25
217 182 -34
290 424 -37
476 427 -5
442 99 -31
357 184 -38
466 476 -12
311 417 20
55 428 -45
379 462 13
293 7 22
265 428 -65
429 490 1
195 228 6
386 227 -20
242 254 -31
43 118 -16
267 260 48
146 227 -7
460 469 -21
103 150 -21
483 174 -1
252 319 -27
108 186 -24
191 368 -20
97 390 -19
54 26 -14
184 48 -20
463 287 -9
110 45 -16
274 248 -23
34 191 -13
155 150 -6
43 89 -10
499 169 -16
365 322 -26
3 388 -18
479 421 -34
237 196 -25
218 383 -8
269 418 -27
343 89 -21
398 433 -28
398 57 -15
398 374 44
391 398 46
419 214 -15
280 342 5
430 499 -34
481 103 -27
32 212 -23
495 465 -29
279 200 5
254 470 8
105 177 -36
15 52 -15
265 326 -40
217 296 1
88 353 -11
485 212 -5
133 489 -21
197 5 -9
96 426 -18
285 257 -11
344 395 -13
189 72 -9
420 489 -3
69 135 -12
427 193 -21
85 274 -15
291 455 -3
364 60 -14
115 257 -20
303 177 -17
213 472 -4
133 162 -17
488 338 -24
204 405 7
184 194 -1
36 239 -23
159 107 -11
379 331 -6
159 15 13
232 487 -13
57 214 -13
30 352 19
242 339 -14
242 180 -3
236 242 16
147 401 27
244 48 -9
495 244 15
413 411 -22
328 414 4
464 142 -17
140 80 1
10 285 -10
69 451 -9
208 304 -12
301 458 -2
54 493 -1
234 309 -8
400 216 -3
361 149 -10
357 102 -11
443 326 1
165 98 -8
437 115 -10
444 231 -10
0 206 -16
440 304 -11
279 237 -5
329 300 13
404 6 -11
272 247 -15
72 97 -2
209 377 1
261 234 -16
32 435 8
56 155 4
103 189 -16
177 235 45
360 247 -12
311 150 -15
311 400 -15
24 231 -18
429 368 -9
343 42 -7
85 220 -10
162 54 -18
284 273 7
17 473 17
44 236 -10
89 349 -13
346 274 -14
236 331 10
459 38 -12
295 57 8
182 482 -20
92 18 -14
205 310 -24
241 138 -15
430 169 11
61 36 -11
350 82 -12
277 477 -30
367 133 -3
143 444 -53
469 306 -18
455 262 10
112 370 -23
3 187 -8
278 139 -17
70 111 2
142 198 -2
38 222 -7
206 357 -3
299 451 -7
490 210 2
24 489 -10
170 297 8
497 216 -10
329 316 24
348 329 -9
127 178 -9
308 360 -17
327 190 -19
131 292 -10
408 126 28
483 34 -2
342 269 -2
307 185 1
493 347 13
80 463 14
34 367 13
103 263 2
46 230 -6
359 390 1
315 169 59
411 124 -5
341 370 4
498 96 -1
141 38 1
95 71 1
348 390 13
314 27 -5
22 366 -4
429 115 -7
354 478 -15
34 475 -4
129 177 3
288 190 -16
379 174 15
160 471 10
230 404 -1
131 251 -8
347 454 15
470 68 -6
72 316 -2
43 46 3
26 323 -7
267 210 -8
328 82 -8
253 15 4
320 499 5
92 51 -3
151 370 25
350 26 9
61 350 21
394 335 11
97 427 -1
236 394 2
489 11 -1
408 85 40
180 174 34
340 355 26
114 281 18
194 341 5
411 305 -3
366 208 -1
246 163 12
196 138 1
465 395 4
421 498 9
348 78 12
189 486 1
125 418 -14
354 306 4
299 480 4
446 421 1
364 341 -1
251 247 -6
497 109 -1
197 299 0
229 273 -14
1 314 26
403 40 -6
286 39 -12
286 429 -4
417 149 54
115 48 0
73 429 -1
241 149 19
130 222 14
461 129 2
311 26 7
498 126 33
293 254 33
143 379 -1
310 183 25
229 116 -8
112 477 -14
206 203 6
0 91 -6
10 490 3
34 243 8
192 304 11
207 156 7
127 450 -5
402 356 18
317 270 2
188 70 7
218 0 -9
218 424 -9
179 148 -1
403 306 3
120 135 -8
220 480 -6
118 421 -4
213 396 33
193 297 -5
144 443 3
351 280 26
205 435 -7
205 284 1
205 241 11
461 299 -6
487 429 3
464 441 -8
199 168 -7
42 282 -7
42 138 16
353 67 7
163 60 6
131 120 -4
285 427 7
178 70 23
1 38 36
171 319 34
19 451 5
21 10 9
140 54 10
156 309 9
34 329 20
423 10 -4
282 348 14
370 54 14
410 292 -23
116 157 3
95 236 4
129 81 9
361 11 5
28 451 -2
7 487 29
29 478 -3
331 447 -4
27 393 9
286 430 44
275 303 38
226 274 21
315 284 -1
267 411 -3
295 375 24
404 339 -1
115 369 4
174 183 0
150 91 8
86 212 12
193 8 17
101 8 17
176 216 8
371 446 7
419 319 -2
460 190 25
88 49 1
88 310 13
24 423 4
21 165 11
336 432 11
193 223 -5
332 223 4
260 140 12
295 9 14
241 421 6
31 26 2
128 9 -19
444 294 6
256 424 9
226 314 2
357 482 2
352 142 3
478 304 9
491 10 22
210 287 15
249 450 19
196 209 19
320 494 9
133 22 2
206 285 12
476 479 33
26 173 22
340 348 23
469 161 -10
220 106 28
463 291 9
433 142 21
276 43 25
230 338 12
263 385 25
192 426 12
196 141 13
472 303 10
148 420 17
160 208 24
120 196 0
256 159 18
78 467 14
164 431 15
496 217 -3
410 209 8
206 421 13
195 63 10
349 465 9
154 309 13
226 395 22
151 465 8
287 144 20
296 389 16
89 106 3
278 482 -26
132 8 -3
143 154 29
37 319 32
241 212 16
360 441 4
273 162 17
242 435 0
53 41 18
123 425 7
282 327 22
137 251 4
152 445 16
415 446 14
129 44 12
386 395 9
267 56 7
295 185 29
43 484 26
39 85 17
203 389 12
47 187 6
17 467 6
216 301 44
139 394 6
139 264 21
454 39 30
277 288 20
98 319 30
238 270 21
6 437 10
312 270 18
97 16 2
469 394 1
321 459 17
100 402 22
245 187 22
142 260 21
164 124 17
487 25 26
86 359 20
178 192 14
282 284 31
71 446 19
329 354 25
54 155 18
441 197 14
234 171 31
218 310 15
433 115 28
356 420 18
137 444 19
347 247 14
309 189 26
247 119 27
195 247 19
465 17 6
298 232 28
371 183 11
193 252 7
159 359 18
245 29 8
245 359 24
414 68 9
220 69 16
46 432 21
447 336 -3
414 409 28
476 443 42
276 195 36
12 478 7
114 423 3
97 35 10
339 479 32
291 319 20
296 247 20
70 309 29
346 279 33
101 25 -3
183 204 18
242 90 -8
361 328 22
390 448 24
344 148 18
33 498 45
305 378 29
185 56 27
349 28 15
6 122 11
69 188 30
81 403 27
351 456 19
301 359 31
278 268 10
408 84 33
199 289 0
180 226 41
497 305 32
328 473 27
109 475 30
451 471 28
349 88 17
314 263 11
136 344 29
326 408 39
301 230 34
145 76 21
94 239 47
35 272 24
219 497 28
480 261 20
493 8 34
447 248 19
116 325 24
278 325 20
370 107 39
245 433 25
315 267 32
483 56 37
314 220 34
193 355 19
60 349 18
92 300 34
329 121 32
164 320 35
405 83 31
371 197 16
379 191 27
312 131 33
259 21 27
167 396 32
96 407 35
96 408 41
177 238 42
91 235 47
406 478 15
90 288 34
417 250 25
43 61 42
353 385 19
431 261 36
117 217 12
51 456 22
429 194 39
343 191 13
32 448 24
209 220 24
17 204 26
389 60 23
144 230 22
246 72 21
144 249 49
43 218 38
416 247 36
49 266 35
370 102 34
91 418 41
287 58 22
51 484 38
24 262 40
0 229 24
407 344 35
220 306 39
299 361 25
185 460 26
72 460 31
353 79 28
102 317 35
57 388 25
336 365 41
272 178 41
271 349 56
119 196 28
291 296 49
266 21 54
460 407 33
8 142 41
148 56 53
108 379 56
45 494 42
82 124 -3
342 161 31
20 433 35
53 137 40
260 32 34
32 187 35
78 462 27
460 157 28
157 16 38
445 157 26
108 71 45
420 341 41
100 188 53
91 498 47
305 485 41
208 264 25
11 460 29
51 209 34
125 325 20
370 113 38
265 232 35
122 326 35
73 22 36
494 10 48
53 247 40
242 249 40
324 171 41
422 397 40
155 412 31
115 234 39
203 346 40
74 165 27
250 78 33
170 86 41
89 191 44
409 336 34
462 164 30
277 448 31
147 447 43
222 232 29
401 325 23
227 114 42
261 260 44
250 270 33
312 326 42
185 317 43
407 496 40
18 245 46
385 329 45
214 374 52
50 374 65
214 349 54
218 312 46
150 360 33
463 364 47
440 485 55
270 234 37
403 46 45
342 262 42
400 165 44
94 90 45
232 22 60
316 99 53
27 254 43
353 278 44
197 385 55
229 317 56
287 429 41
490 287 43
299 207 59
228 341 48
35 254 49
311 214 53
361 105 46
332 385 46
11 241 43
463 401 56
178 90 44
246 159 52
430 248 27
61 415 50
397 392 50
220 113 42
203 426 59
9 292 39
174 462 47
344 256 45
101 396 18
300 136 51
